{"/home/travis/build/npmtest/node-npmtest-express-vue/test.js":{"path":"/home/travis/build/npmtest/node-npmtest-express-vue/test.js","s":{"1":2,"2":2,"3":2,"4":2,"5":2,"6":2,"7":2,"8":1,"9":2,"10":2,"11":1,"12":1,"13":1,"14":1,"15":2,"16":2,"17":2,"18":2,"19":1,"20":1,"21":2,"22":2,"23":2,"24":1,"25":1,"26":1,"27":1,"28":1,"29":1,"30":1,"31":1,"32":1,"33":1,"34":1,"35":1,"36":1,"37":1,"38":1,"39":2,"40":2,"41":1,"42":2,"43":2,"44":1,"45":2,"46":2,"47":1,"48":2,"49":2,"50":1,"51":1,"52":1,"53":1,"54":1},"b":{"1":[2,1,1,1],"2":[1,1,1,1],"3":[1,1],"4":[1,1],"5":[1,1],"6":[1,1],"7":[1,1],"8":[1,1],"9":[1,1],"10":[1,1,1],"11":[1,1],"12":[1,1],"13":[1,1],"14":[1,1],"15":[1,1],"16":[1,1],"17":[1,1]},"f":{"1":2,"2":2,"3":2,"4":2,"5":2,"6":1,"7":1,"8":1,"9":2,"10":2,"11":2,"12":2,"13":1},"fnMap":{"1":{"name":"(anonymous_1)","line":12,"loc":{"start":{"line":12,"column":1},"end":{"line":12,"column":13}}},"2":{"name":"(anonymous_2)","line":19,"loc":{"start":{"line":19,"column":5},"end":{"line":19,"column":17}}},"3":{"name":"(anonymous_3)","line":23,"loc":{"start":{"line":23,"column":24},"end":{"line":23,"column":36}}},"4":{"name":"(anonymous_4)","line":61,"loc":{"start":{"line":61,"column":5},"end":{"line":61,"column":17}}},"5":{"name":"(anonymous_5)","line":82,"loc":{"start":{"line":82,"column":5},"end":{"line":82,"column":17}}},"6":{"name":"(anonymous_6)","line":91,"loc":{"start":{"line":91,"column":77},"end":{"line":94,"column":10}}},"7":{"name":"(anonymous_7)","line":112,"loc":{"start":{"line":112,"column":83},"end":{"line":115,"column":10}},"skip":true},"8":{"name":"(anonymous_8)","line":123,"loc":{"start":{"line":123,"column":77},"end":{"line":126,"column":10}},"skip":true},"9":{"name":"(anonymous_9)","line":139,"loc":{"start":{"line":139,"column":12},"end":{"line":139,"column":40}},"skip":true},"10":{"name":"(anonymous_10)","line":147,"loc":{"start":{"line":147,"column":77},"end":{"line":150,"column":10}},"skip":true},"11":{"name":"(anonymous_11)","line":158,"loc":{"start":{"line":158,"column":83},"end":{"line":161,"column":10}},"skip":true},"12":{"name":"(anonymous_12)","line":169,"loc":{"start":{"line":169,"column":79},"end":{"line":172,"column":10}},"skip":true},"13":{"name":"(anonymous_13)","line":180,"loc":{"start":{"line":180,"column":75},"end":{"line":183,"column":10}},"skip":true}},"statementMap":{"1":{"start":{"line":12,"column":0},"end":{"line":195,"column":5}},"2":{"start":{"line":14,"column":4},"end":{"line":14,"column":14}},"3":{"start":{"line":19,"column":4},"end":{"line":56,"column":9}},"4":{"start":{"line":21,"column":8},"end":{"line":21,"column":19}},"5":{"start":{"line":23,"column":8},"end":{"line":35,"column":13}},"6":{"start":{"line":24,"column":12},"end":{"line":34,"column":13}},"7":{"start":{"line":25,"column":16},"end":{"line":28,"column":30}},"8":{"start":{"line":30,"column":16},"end":{"line":33,"column":27}},"9":{"start":{"line":37,"column":8},"end":{"line":39,"column":21}},"10":{"start":{"line":40,"column":8},"end":{"line":53,"column":9}},"11":{"start":{"line":43,"column":12},"end":{"line":46,"column":14}},"12":{"start":{"line":47,"column":12},"end":{"line":47,"column":18}},"13":{"start":{"line":50,"column":12},"end":{"line":51,"column":33}},"14":{"start":{"line":52,"column":12},"end":{"line":52,"column":18}},"15":{"start":{"line":55,"column":8},"end":{"line":55,"column":35}},"16":{"start":{"line":61,"column":4},"end":{"line":63,"column":9}},"17":{"start":{"line":62,"column":8},"end":{"line":62,"column":15}},"18":{"start":{"line":64,"column":4},"end":{"line":77,"column":5}},"19":{"start":{"line":70,"column":8},"end":{"line":70,"column":14}},"20":{"start":{"line":76,"column":8},"end":{"line":76,"column":14}},"21":{"start":{"line":82,"column":4},"end":{"line":84,"column":9}},"22":{"start":{"line":83,"column":8},"end":{"line":83,"column":15}},"23":{"start":{"line":85,"column":4},"end":{"line":194,"column":5}},"24":{"start":{"line":91,"column":8},"end":{"line":99,"column":10}},"25":{"start":{"line":98,"column":12},"end":{"line":98,"column":35}},"26":{"start":{"line":102,"column":8},"end":{"line":104,"column":63}},"27":{"start":{"line":105,"column":8},"end":{"line":105,"column":14}},"28":{"start":{"line":112,"column":8},"end":{"line":121,"column":10},"skip":true},"29":{"start":{"line":119,"column":12},"end":{"line":119,"column":55},"skip":true},"30":{"start":{"line":120,"column":12},"end":{"line":120,"column":48},"skip":true},"31":{"start":{"line":123,"column":8},"end":{"line":136,"column":10},"skip":true},"32":{"start":{"line":130,"column":12},"end":{"line":130,"column":76},"skip":true},"33":{"start":{"line":131,"column":12},"end":{"line":131,"column":73},"skip":true},"34":{"start":{"line":132,"column":12},"end":{"line":132,"column":74},"skip":true},"35":{"start":{"line":133,"column":12},"end":{"line":133,"column":79},"skip":true},"36":{"start":{"line":134,"column":12},"end":{"line":134,"column":25},"skip":true},"37":{"start":{"line":135,"column":12},"end":{"line":135,"column":45},"skip":true},"38":{"start":{"line":138,"column":8},"end":{"line":145,"column":14},"skip":true},"39":{"start":{"line":143,"column":16},"end":{"line":143,"column":29},"skip":true},"40":{"start":{"line":144,"column":16},"end":{"line":144,"column":55},"skip":true},"41":{"start":{"line":147,"column":8},"end":{"line":156,"column":10},"skip":true},"42":{"start":{"line":154,"column":12},"end":{"line":154,"column":25},"skip":true},"43":{"start":{"line":155,"column":12},"end":{"line":155,"column":45},"skip":true},"44":{"start":{"line":158,"column":8},"end":{"line":167,"column":10},"skip":true},"45":{"start":{"line":165,"column":12},"end":{"line":165,"column":25},"skip":true},"46":{"start":{"line":166,"column":12},"end":{"line":166,"column":48},"skip":true},"47":{"start":{"line":169,"column":8},"end":{"line":178,"column":10},"skip":true},"48":{"start":{"line":176,"column":12},"end":{"line":176,"column":25},"skip":true},"49":{"start":{"line":177,"column":12},"end":{"line":177,"column":46},"skip":true},"50":{"start":{"line":180,"column":8},"end":{"line":189,"column":10},"skip":true},"51":{"start":{"line":187,"column":12},"end":{"line":187,"column":94},"skip":true},"52":{"start":{"line":188,"column":12},"end":{"line":188,"column":48},"skip":true},"53":{"start":{"line":192,"column":8},"end":{"line":192,"column":35},"skip":true},"54":{"start":{"line":193,"column":8},"end":{"line":193,"column":14},"skip":true}},"branchMap":{"1":{"line":25,"type":"binary-expr","locations":[{"start":{"line":25,"column":23},"end":{"line":25,"column":62}},{"start":{"line":26,"column":20},"end":{"line":26,"column":70}},{"start":{"line":27,"column":20},"end":{"line":27,"column":71}},{"start":{"line":28,"column":20},"end":{"line":28,"column":29}}]},"2":{"line":30,"type":"binary-expr","locations":[{"start":{"line":30,"column":23},"end":{"line":30,"column":37}},{"start":{"line":31,"column":20},"end":{"line":31,"column":61}},{"start":{"line":32,"column":20},"end":{"line":32,"column":70}},{"start":{"line":33,"column":20},"end":{"line":33,"column":26}}]},"3":{"line":37,"type":"cond-expr","locations":[{"start":{"line":38,"column":14},"end":{"line":38,"column":20}},{"start":{"line":39,"column":14},"end":{"line":39,"column":20}}]},"4":{"line":40,"type":"switch","locations":[{"start":{"line":42,"column":8},"end":{"line":47,"column":18}},{"start":{"line":49,"column":8},"end":{"line":52,"column":18}}]},"5":{"line":44,"type":"binary-expr","locations":[{"start":{"line":44,"column":16},"end":{"line":44,"column":44}},{"start":{"line":44,"column":48},"end":{"line":44,"column":66}}]},"6":{"line":50,"type":"binary-expr","locations":[{"start":{"line":50,"column":21},"end":{"line":50,"column":49}},{"start":{"line":50,"column":53},"end":{"line":50,"column":72}}]},"7":{"line":64,"type":"switch","locations":[{"start":{"line":69,"column":4},"end":{"line":70,"column":14}},{"start":{"line":75,"column":4},"end":{"line":76,"column":14}}]},"8":{"line":85,"type":"switch","locations":[{"start":{"line":90,"column":4},"end":{"line":105,"column":14}},{"start":{"line":111,"column":4},"end":{"line":193,"column":14},"skip":true}]},"9":{"line":91,"type":"binary-expr","locations":[{"start":{"line":91,"column":42},"end":{"line":91,"column":73}},{"start":{"line":91,"column":77},"end":{"line":99,"column":9}}]},"10":{"line":102,"type":"binary-expr","locations":[{"start":{"line":102,"column":18},"end":{"line":102,"column":32}},{"start":{"line":103,"column":12},"end":{"line":103,"column":53}},{"start":{"line":104,"column":12},"end":{"line":104,"column":61}}]},"11":{"line":112,"type":"binary-expr","locations":[{"start":{"line":112,"column":45},"end":{"line":112,"column":79},"skip":true},{"start":{"line":112,"column":83},"end":{"line":121,"column":9},"skip":true}]},"12":{"line":123,"type":"binary-expr","locations":[{"start":{"line":123,"column":42},"end":{"line":123,"column":73},"skip":true},{"start":{"line":123,"column":77},"end":{"line":136,"column":9},"skip":true}]},"13":{"line":138,"type":"binary-expr","locations":[{"start":{"line":138,"column":48},"end":{"line":138,"column":85},"skip":true},{"start":{"line":139,"column":12},"end":{"line":145,"column":13},"skip":true}]},"14":{"line":147,"type":"binary-expr","locations":[{"start":{"line":147,"column":42},"end":{"line":147,"column":73},"skip":true},{"start":{"line":147,"column":77},"end":{"line":156,"column":9},"skip":true}]},"15":{"line":158,"type":"binary-expr","locations":[{"start":{"line":158,"column":45},"end":{"line":158,"column":79},"skip":true},{"start":{"line":158,"column":83},"end":{"line":167,"column":9},"skip":true}]},"16":{"line":169,"type":"binary-expr","locations":[{"start":{"line":169,"column":43},"end":{"line":169,"column":75},"skip":true},{"start":{"line":169,"column":79},"end":{"line":178,"column":9},"skip":true}]},"17":{"line":180,"type":"binary-expr","locations":[{"start":{"line":180,"column":41},"end":{"line":180,"column":71},"skip":true},{"start":{"line":180,"column":75},"end":{"line":189,"column":9},"skip":true}]}},"code":["/* istanbul instrument in package npmtest_express_vue */","/*jslint","    bitwise: true,","    browser: true,","    maxerr: 8,","    maxlen: 96,","    node: true,","    nomen: true,","    regexp: true,","    stupid: true","*/","(function () {","    'use strict';","    var local;","","","","    // run shared js-env code - pre-init","    (function () {","        // init local","        local = {};","        // init modeJs","        local.modeJs = (function () {","            try {","                return typeof navigator.userAgent === 'string' &&","                    typeof document.querySelector('body') === 'object' &&","                    typeof XMLHttpRequest.prototype.open === 'function' &&","                    'browser';","            } catch (errorCaughtBrowser) {","                return module.exports &&","                    typeof process.versions.node === 'string' &&","                    typeof require('http').createServer === 'function' &&","                    'node';","            }","        }());","        // init global","        local.global = local.modeJs === 'browser'","            ? window","            : global;","        switch (local.modeJs) {","        // re-init local from window.local","        case 'browser':","            local = local.global.utility2.objectSetDefault(","                local.global.utility2_rollup || local.global.local,","                local.global.utility2","            );","            break;","        // re-init local from example.js","        case 'node':","            local = (local.global.utility2_rollup || require('utility2'))","                .requireReadme();","            break;","        }","        // export local","        local.global.local = local;","    }());","","","","    // run shared js-env code - function","    (function () {","        return;","    }());","    switch (local.modeJs) {","","","","    // run browser js-env code - function","    case 'browser':","        break;","","","","    // run node js-env code - function","    case 'node':","        break;","    }","","","","    // run shared js-env code - post-init","    (function () {","        return;","    }());","    switch (local.modeJs) {","","","","    // run browser js-env code - post-init","    case 'browser':","        local.testCase_browser_nullCase = local.testCase_browser_nullCase || function (","            options,","            onError","        ) {","        /*","         * this function will test browsers's null-case handling-behavior-behavior","         */","            onError(null, options);","        };","","        // run tests","        local.nop(local.modeTest &&","            document.querySelector('#testRunButton1') &&","            document.querySelector('#testRunButton1').click());","        break;","","","","    // run node js-env code - post-init","    /* istanbul ignore next */","    case 'node':","        local.testCase_buildApidoc_default = local.testCase_buildApidoc_default || function (","            options,","            onError","        ) {","        /*","         * this function will test buildApidoc's default handling-behavior-behavior","         */","            options = { modulePathList: module.paths };","            local.buildApidoc(options, onError);","        };","","        local.testCase_buildApp_default = local.testCase_buildApp_default || function (","            options,","            onError","        ) {","        /*","         * this function will test buildApp's default handling-behavior-behavior","         */","            local.testCase_buildReadme_default(options, local.onErrorThrow);","            local.testCase_buildLib_default(options, local.onErrorThrow);","            local.testCase_buildTest_default(options, local.onErrorThrow);","            local.testCase_buildCustomOrg_default(options, local.onErrorThrow);","            options = [];","            local.buildApp(options, onError);","        };","","        local.testCase_buildCustomOrg_default = local.testCase_buildCustomOrg_default ||","            function (options, onError) {","            /*","             * this function will test buildCustomOrg's default handling-behavior","             */","                options = {};","                local.buildCustomOrg(options, onError);","            };","","        local.testCase_buildLib_default = local.testCase_buildLib_default || function (","            options,","            onError","        ) {","        /*","         * this function will test buildLib's default handling-behavior","         */","            options = {};","            local.buildLib(options, onError);","        };","","        local.testCase_buildReadme_default = local.testCase_buildReadme_default || function (","            options,","            onError","        ) {","        /*","         * this function will test buildReadme's default handling-behavior-behavior","         */","            options = {};","            local.buildReadme(options, onError);","        };","","        local.testCase_buildTest_default = local.testCase_buildTest_default || function (","            options,","            onError","        ) {","        /*","         * this function will test buildTest's default handling-behavior","         */","            options = {};","            local.buildTest(options, onError);","        };","","        local.testCase_webpage_default = local.testCase_webpage_default || function (","            options,","            onError","        ) {","        /*","         * this function will test webpage's default handling-behavior","         */","            options = { modeCoverageMerge: true, url: local.serverLocalHost + '?modeTest=1' };","            local.browserTest(options, onError);","        };","","        // run test-server","        local.testRunServer(local);","        break;","    }","}());",""],"l":{"12":2,"14":2,"19":2,"21":2,"23":2,"24":2,"25":2,"30":1,"37":2,"40":2,"43":1,"47":1,"50":1,"52":1,"55":2,"61":2,"62":2,"64":2,"70":1,"76":1,"82":2,"83":2,"85":2,"91":1,"98":1,"102":1,"105":1,"112":1,"119":1,"120":1,"123":1,"130":1,"131":1,"132":1,"133":1,"134":1,"135":1,"138":1,"143":2,"144":2,"147":1,"154":2,"155":2,"158":1,"165":2,"166":2,"169":1,"176":2,"177":2,"180":1,"187":1,"188":1,"192":1,"193":1}},"/home/travis/build/npmtest/node-npmtest-express-vue/lib.npmtest_express_vue.js":{"path":"/home/travis/build/npmtest/node-npmtest-express-vue/lib.npmtest_express_vue.js","s":{"1":2,"2":2,"3":2,"4":2,"5":2,"6":2,"7":2,"8":1,"9":2,"10":2,"11":2,"12":2,"13":1,"14":1,"15":1,"16":1},"b":{"1":[2,1,1,1],"2":[1,1,1,1],"3":[1,1],"4":[2,2],"5":[1,1]},"f":{"1":2,"2":2,"3":2},"fnMap":{"1":{"name":"(anonymous_1)","line":12,"loc":{"start":{"line":12,"column":1},"end":{"line":12,"column":13}}},"2":{"name":"(anonymous_2)","line":19,"loc":{"start":{"line":19,"column":5},"end":{"line":19,"column":17}}},"3":{"name":"(anonymous_3)","line":23,"loc":{"start":{"line":23,"column":24},"end":{"line":23,"column":36}}}},"statementMap":{"1":{"start":{"line":12,"column":0},"end":{"line":53,"column":5}},"2":{"start":{"line":14,"column":4},"end":{"line":14,"column":14}},"3":{"start":{"line":19,"column":4},"end":{"line":52,"column":9}},"4":{"start":{"line":21,"column":8},"end":{"line":21,"column":19}},"5":{"start":{"line":23,"column":8},"end":{"line":35,"column":13}},"6":{"start":{"line":24,"column":12},"end":{"line":34,"column":13}},"7":{"start":{"line":25,"column":16},"end":{"line":28,"column":30}},"8":{"start":{"line":30,"column":16},"end":{"line":33,"column":27}},"9":{"start":{"line":37,"column":8},"end":{"line":39,"column":21}},"10":{"start":{"line":41,"column":8},"end":{"line":41,"column":54}},"11":{"start":{"line":43,"column":8},"end":{"line":43,"column":56}},"12":{"start":{"line":45,"column":8},"end":{"line":51,"column":9}},"13":{"start":{"line":46,"column":12},"end":{"line":46,"column":62}},"14":{"start":{"line":48,"column":12},"end":{"line":48,"column":35}},"15":{"start":{"line":49,"column":12},"end":{"line":49,"column":49}},"16":{"start":{"line":50,"column":12},"end":{"line":50,"column":43}}},"branchMap":{"1":{"line":25,"type":"binary-expr","locations":[{"start":{"line":25,"column":23},"end":{"line":25,"column":62}},{"start":{"line":26,"column":20},"end":{"line":26,"column":70}},{"start":{"line":27,"column":20},"end":{"line":27,"column":71}},{"start":{"line":28,"column":20},"end":{"line":28,"column":29}}]},"2":{"line":30,"type":"binary-expr","locations":[{"start":{"line":30,"column":23},"end":{"line":30,"column":37}},{"start":{"line":31,"column":20},"end":{"line":31,"column":61}},{"start":{"line":32,"column":20},"end":{"line":32,"column":70}},{"start":{"line":33,"column":20},"end":{"line":33,"column":26}}]},"3":{"line":37,"type":"cond-expr","locations":[{"start":{"line":38,"column":14},"end":{"line":38,"column":20}},{"start":{"line":39,"column":14},"end":{"line":39,"column":20}}]},"4":{"line":41,"type":"binary-expr","locations":[{"start":{"line":41,"column":16},"end":{"line":41,"column":44}},{"start":{"line":41,"column":48},"end":{"line":41,"column":53}}]},"5":{"line":45,"type":"if","locations":[{"start":{"line":45,"column":8},"end":{"line":45,"column":8}},{"start":{"line":45,"column":8},"end":{"line":45,"column":8}}]}},"code":["/* istanbul instrument in package npmtest_express_vue */","/*jslint","    bitwise: true,","    browser: true,","    maxerr: 8,","    maxlen: 96,","    node: true,","    nomen: true,","    regexp: true,","    stupid: true","*/","(function () {","    'use strict';","    var local;","","","","    // run shared js-env code - pre-init","    (function () {","        // init local","        local = {};","        // init modeJs","        local.modeJs = (function () {","            try {","                return typeof navigator.userAgent === 'string' &&","                    typeof document.querySelector('body') === 'object' &&","                    typeof XMLHttpRequest.prototype.open === 'function' &&","                    'browser';","            } catch (errorCaughtBrowser) {","                return module.exports &&","                    typeof process.versions.node === 'string' &&","                    typeof require('http').createServer === 'function' &&","                    'node';","            }","        }());","        // init global","        local.global = local.modeJs === 'browser'","            ? window","            : global;","        // init utility2_rollup","        local = local.global.utility2_rollup || local;","        // init lib","        local.local = local.npmtest_express_vue = local;","        // init exports","        if (local.modeJs === 'browser') {","            local.global.utility2_npmtest_express_vue = local;","        } else {","            module.exports = local;","            module.exports.__dirname = __dirname;","            module.exports.module = module;","        }","    }());","}());",""],"l":{"12":2,"14":2,"19":2,"21":2,"23":2,"24":2,"25":2,"30":1,"37":2,"41":2,"43":2,"45":2,"46":1,"48":1,"49":1,"50":1}},"/home/travis/build/npmtest/node-npmtest-express-vue/example.js":{"path":"/home/travis/build/npmtest/node-npmtest-express-vue/example.js","s":{"1":2,"2":2,"3":2,"4":2,"5":2,"6":2,"7":2,"8":1,"9":2,"10":2,"11":2,"12":2,"13":1,"14":2,"15":2,"16":2,"17":2,"18":2,"19":0,"20":2,"21":1,"22":1,"23":1,"24":1,"25":1,"26":0,"27":0,"28":1,"29":1,"30":2,"31":0,"32":0,"33":0,"34":1,"35":2,"36":2,"37":3,"38":3,"39":3,"40":3,"41":0,"42":3,"43":3,"44":3,"45":1,"46":3,"47":1,"48":1,"49":1,"50":1,"51":1,"52":1,"53":1,"54":1,"55":1,"56":1,"57":0,"58":1,"59":6,"60":6,"61":1,"62":2,"63":0,"64":2,"65":1,"66":1,"67":0,"68":0,"69":0,"70":0,"71":0,"72":0,"73":0,"74":0,"75":0,"76":0,"77":0,"78":0,"79":0,"80":0,"81":0,"82":0,"83":0},"b":{"1":[2,1,1,1],"2":[1,1,1,1],"3":[1,1],"4":[2,2],"5":[1,1],"6":[1,1],"7":[2,0],"8":[2,1,1,1,1,1],"9":[0,2,0],"10":[1,1],"11":[2,1,1],"12":[1,0],"13":[0,2],"14":[2,0,0,0,0,0,0],"15":[0,3],"16":[3,0],"17":[1,1],"18":[0,1],"19":[1,2,0,2],"20":[1,0],"21":[1,1],"22":[0,0],"23":[0,0],"24":[0,0],"25":[0,0],"26":[0,0],"27":[0,0],"28":[0,0]},"f":{"1":2,"2":2,"3":2,"4":2,"5":2,"6":2,"7":3,"8":3,"9":3,"10":1,"11":6,"12":0},"fnMap":{"1":{"name":"(anonymous_1)","line":26,"loc":{"start":{"line":26,"column":1},"end":{"line":26,"column":13}}},"2":{"name":"(anonymous_2)","line":33,"loc":{"start":{"line":33,"column":5},"end":{"line":33,"column":17}}},"3":{"name":"(anonymous_3)","line":37,"loc":{"start":{"line":37,"column":24},"end":{"line":37,"column":36}}},"4":{"name":"(anonymous_4)","line":69,"loc":{"start":{"line":69,"column":31},"end":{"line":69,"column":48}},"skip":true},"5":{"name":"(anonymous_5)","line":78,"loc":{"start":{"line":78,"column":26},"end":{"line":78,"column":45}},"skip":true},"6":{"name":"(anonymous_6)","line":123,"loc":{"start":{"line":123,"column":33},"end":{"line":123,"column":48}},"skip":true},"7":{"name":"(anonymous_7)","line":125,"loc":{"start":{"line":125,"column":27},"end":{"line":125,"column":39}},"skip":true},"8":{"name":"(anonymous_8)","line":133,"loc":{"start":{"line":133,"column":59},"end":{"line":133,"column":74}},"skip":true},"9":{"name":"(anonymous_9)","line":143,"loc":{"start":{"line":143,"column":45},"end":{"line":143,"column":62}},"skip":true},"10":{"name":"(anonymous_10)","line":144,"loc":{"start":{"line":144,"column":73},"end":{"line":144,"column":92}},"skip":true},"11":{"name":"(anonymous_11)","line":272,"loc":{"start":{"line":272,"column":51},"end":{"line":272,"column":77}},"skip":true},"12":{"name":"(anonymous_12)","line":315,"loc":{"start":{"line":315,"column":32},"end":{"line":315,"column":61}},"skip":true}},"statementMap":{"1":{"start":{"line":26,"column":0},"end":{"line":326,"column":5}},"2":{"start":{"line":28,"column":4},"end":{"line":28,"column":14}},"3":{"start":{"line":33,"column":4},"end":{"line":60,"column":9}},"4":{"start":{"line":35,"column":8},"end":{"line":35,"column":19}},"5":{"start":{"line":37,"column":8},"end":{"line":49,"column":13}},"6":{"start":{"line":38,"column":12},"end":{"line":48,"column":13}},"7":{"start":{"line":39,"column":16},"end":{"line":42,"column":30}},"8":{"start":{"line":44,"column":16},"end":{"line":47,"column":27}},"9":{"start":{"line":51,"column":8},"end":{"line":53,"column":21}},"10":{"start":{"line":55,"column":8},"end":{"line":57,"column":45}},"11":{"start":{"line":59,"column":8},"end":{"line":59,"column":35}},"12":{"start":{"line":61,"column":4},"end":{"line":325,"column":5}},"13":{"start":{"line":69,"column":8},"end":{"line":121,"column":10},"skip":true},"14":{"start":{"line":70,"column":12},"end":{"line":88,"column":13},"skip":true},"15":{"start":{"line":76,"column":16},"end":{"line":87,"column":19},"skip":true},"16":{"start":{"line":79,"column":20},"end":{"line":86,"column":21},"skip":true},"17":{"start":{"line":82,"column":24},"end":{"line":82,"column":43},"skip":true},"18":{"start":{"line":83,"column":24},"end":{"line":83,"column":30},"skip":true},"19":{"start":{"line":85,"column":24},"end":{"line":85,"column":49},"skip":true},"20":{"start":{"line":89,"column":12},"end":{"line":107,"column":13},"skip":true},"21":{"start":{"line":92,"column":16},"end":{"line":102,"column":17},"skip":true},"22":{"start":{"line":93,"column":20},"end":{"line":93,"column":86},"skip":true},"23":{"start":{"line":94,"column":20},"end":{"line":95,"column":45},"skip":true},"24":{"start":{"line":96,"column":20},"end":{"line":96,"column":42},"skip":true},"25":{"start":{"line":97,"column":20},"end":{"line":97,"column":48},"skip":true},"26":{"start":{"line":100,"column":20},"end":{"line":100,"column":85},"skip":true},"27":{"start":{"line":101,"column":20},"end":{"line":101,"column":96},"skip":true},"28":{"start":{"line":103,"column":16},"end":{"line":103,"column":22},"skip":true},"29":{"start":{"line":106,"column":16},"end":{"line":106,"column":22},"skip":true},"30":{"start":{"line":108,"column":12},"end":{"line":120,"column":13},"skip":true},"31":{"start":{"line":114,"column":16},"end":{"line":119,"column":17},"skip":true},"32":{"start":{"line":116,"column":20},"end":{"line":116,"column":78},"skip":true},"33":{"start":{"line":118,"column":20},"end":{"line":118,"column":47},"skip":true},"34":{"start":{"line":123,"column":8},"end":{"line":141,"column":11},"skip":true},"35":{"start":{"line":124,"column":12},"end":{"line":124,"column":54},"skip":true},"36":{"start":{"line":125,"column":12},"end":{"line":140,"column":14},"skip":true},"37":{"start":{"line":126,"column":16},"end":{"line":126,"column":28},"skip":true},"38":{"start":{"line":127,"column":16},"end":{"line":127,"column":69},"skip":true},"39":{"start":{"line":128,"column":16},"end":{"line":128,"column":75},"skip":true},"40":{"start":{"line":129,"column":16},"end":{"line":131,"column":17},"skip":true},"41":{"start":{"line":130,"column":20},"end":{"line":130,"column":27},"skip":true},"42":{"start":{"line":133,"column":16},"end":{"line":137,"column":36},"skip":true},"43":{"start":{"line":134,"column":20},"end":{"line":136,"column":55},"skip":true},"44":{"start":{"line":139,"column":16},"end":{"line":139,"column":57},"skip":true},"45":{"start":{"line":143,"column":8},"end":{"line":147,"column":11},"skip":true},"46":{"start":{"line":144,"column":12},"end":{"line":146,"column":15},"skip":true},"47":{"start":{"line":145,"column":16},"end":{"line":145,"column":70},"skip":true},"48":{"start":{"line":149,"column":8},"end":{"line":149,"column":31},"skip":true},"49":{"start":{"line":150,"column":8},"end":{"line":150,"column":14},"skip":true},"50":{"start":{"line":158,"column":8},"end":{"line":158,"column":31},"skip":true},"51":{"start":{"line":160,"column":8},"end":{"line":160,"column":33},"skip":true},"52":{"start":{"line":161,"column":8},"end":{"line":161,"column":37},"skip":true},"53":{"start":{"line":162,"column":8},"end":{"line":162,"column":35},"skip":true},"54":{"start":{"line":164,"column":8},"end":{"line":164,"column":50},"skip":true},"55":{"start":{"line":166,"column":8},"end":{"line":256,"column":2},"skip":true},"56":{"start":{"line":258,"column":8},"end":{"line":286,"column":9},"skip":true},"57":{"start":{"line":259,"column":12},"end":{"line":269,"column":14},"skip":true},"58":{"start":{"line":271,"column":12},"end":{"line":285,"column":19},"skip":true},"59":{"start":{"line":274,"column":20},"end":{"line":274,"column":35},"skip":true},"60":{"start":{"line":275,"column":20},"end":{"line":284,"column":21},"skip":true},"61":{"start":{"line":277,"column":24},"end":{"line":277,"column":64},"skip":true},"62":{"start":{"line":279,"column":24},"end":{"line":279,"column":40},"skip":true},"63":{"start":{"line":281,"column":24},"end":{"line":281,"column":40},"skip":true},"64":{"start":{"line":283,"column":24},"end":{"line":283,"column":39},"skip":true},"65":{"start":{"line":288,"column":8},"end":{"line":290,"column":9},"skip":true},"66":{"start":{"line":289,"column":12},"end":{"line":289,"column":18},"skip":true},"67":{"start":{"line":291,"column":8},"end":{"line":293,"column":54},"skip":true},"68":{"start":{"line":296,"column":8},"end":{"line":301,"column":37},"skip":true},"69":{"start":{"line":303,"column":8},"end":{"line":303,"column":82},"skip":true},"70":{"start":{"line":306,"column":8},"end":{"line":308,"column":9},"skip":true},"71":{"start":{"line":307,"column":12},"end":{"line":307,"column":82},"skip":true},"72":{"start":{"line":310,"column":8},"end":{"line":312,"column":9},"skip":true},"73":{"start":{"line":311,"column":12},"end":{"line":311,"column":18},"skip":true},"74":{"start":{"line":313,"column":8},"end":{"line":313,"column":54},"skip":true},"75":{"start":{"line":314,"column":8},"end":{"line":314,"column":69},"skip":true},"76":{"start":{"line":315,"column":8},"end":{"line":323,"column":36},"skip":true},"77":{"start":{"line":316,"column":12},"end":{"line":316,"column":61},"skip":true},"78":{"start":{"line":317,"column":12},"end":{"line":320,"column":13},"skip":true},"79":{"start":{"line":318,"column":16},"end":{"line":318,"column":75},"skip":true},"80":{"start":{"line":319,"column":16},"end":{"line":319,"column":23},"skip":true},"81":{"start":{"line":321,"column":12},"end":{"line":321,"column":38},"skip":true},"82":{"start":{"line":322,"column":12},"end":{"line":322,"column":27},"skip":true},"83":{"start":{"line":324,"column":8},"end":{"line":324,"column":14},"skip":true}},"branchMap":{"1":{"line":39,"type":"binary-expr","locations":[{"start":{"line":39,"column":23},"end":{"line":39,"column":62}},{"start":{"line":40,"column":20},"end":{"line":40,"column":70}},{"start":{"line":41,"column":20},"end":{"line":41,"column":71}},{"start":{"line":42,"column":20},"end":{"line":42,"column":29}}]},"2":{"line":44,"type":"binary-expr","locations":[{"start":{"line":44,"column":23},"end":{"line":44,"column":37}},{"start":{"line":45,"column":20},"end":{"line":45,"column":61}},{"start":{"line":46,"column":20},"end":{"line":46,"column":70}},{"start":{"line":47,"column":20},"end":{"line":47,"column":26}}]},"3":{"line":51,"type":"cond-expr","locations":[{"start":{"line":52,"column":14},"end":{"line":52,"column":20}},{"start":{"line":53,"column":14},"end":{"line":53,"column":20}}]},"4":{"line":55,"type":"binary-expr","locations":[{"start":{"line":55,"column":16},"end":{"line":55,"column":44}},{"start":{"line":55,"column":49},"end":{"line":57,"column":43}}]},"5":{"line":55,"type":"cond-expr","locations":[{"start":{"line":56,"column":14},"end":{"line":56,"column":55}},{"start":{"line":57,"column":14},"end":{"line":57,"column":43}}]},"6":{"line":61,"type":"switch","locations":[{"start":{"line":68,"column":4},"end":{"line":150,"column":14},"skip":true},{"start":{"line":156,"column":4},"end":{"line":324,"column":14},"skip":true}]},"7":{"line":70,"type":"if","locations":[{"start":{"line":70,"column":12},"end":{"line":70,"column":12},"skip":true},{"start":{"line":70,"column":12},"end":{"line":70,"column":12},"skip":true}]},"8":{"line":70,"type":"binary-expr","locations":[{"start":{"line":70,"column":16},"end":{"line":70,"column":22},"skip":true},{"start":{"line":70,"column":27},"end":{"line":70,"column":32},"skip":true},{"start":{"line":71,"column":20},"end":{"line":71,"column":39},"skip":true},{"start":{"line":72,"column":20},"end":{"line":72,"column":49},"skip":true},{"start":{"line":73,"column":20},"end":{"line":73,"column":58},"skip":true},{"start":{"line":74,"column":20},"end":{"line":74,"column":69},"skip":true}]},"9":{"line":79,"type":"switch","locations":[{"start":{"line":80,"column":20},"end":{"line":80,"column":33},"skip":true},{"start":{"line":81,"column":20},"end":{"line":83,"column":30},"skip":true},{"start":{"line":84,"column":20},"end":{"line":85,"column":49},"skip":true}]},"10":{"line":89,"type":"switch","locations":[{"start":{"line":90,"column":12},"end":{"line":103,"column":22},"skip":true},{"start":{"line":105,"column":12},"end":{"line":106,"column":22},"skip":true}]},"11":{"line":89,"type":"binary-expr","locations":[{"start":{"line":89,"column":20},"end":{"line":89,"column":25},"skip":true},{"start":{"line":89,"column":29},"end":{"line":89,"column":48},"skip":true},{"start":{"line":89,"column":52},"end":{"line":89,"column":74},"skip":true}]},"12":{"line":92,"type":"if","locations":[{"start":{"line":92,"column":16},"end":{"line":92,"column":16},"skip":true},{"start":{"line":92,"column":16},"end":{"line":92,"column":16},"skip":true}]},"13":{"line":108,"type":"if","locations":[{"start":{"line":108,"column":12},"end":{"line":108,"column":12},"skip":true},{"start":{"line":108,"column":12},"end":{"line":108,"column":12},"skip":true}]},"14":{"line":108,"type":"binary-expr","locations":[{"start":{"line":108,"column":16},"end":{"line":108,"column":61},"skip":true},{"start":{"line":108,"column":66},"end":{"line":108,"column":72},"skip":true},{"start":{"line":108,"column":77},"end":{"line":108,"column":82},"skip":true},{"start":{"line":109,"column":20},"end":{"line":109,"column":39},"skip":true},{"start":{"line":110,"column":20},"end":{"line":110,"column":49},"skip":true},{"start":{"line":111,"column":20},"end":{"line":111,"column":58},"skip":true},{"start":{"line":112,"column":20},"end":{"line":112,"column":68},"skip":true}]},"15":{"line":129,"type":"if","locations":[{"start":{"line":129,"column":16},"end":{"line":129,"column":16},"skip":true},{"start":{"line":129,"column":16},"end":{"line":129,"column":16},"skip":true}]},"16":{"line":134,"type":"cond-expr","locations":[{"start":{"line":135,"column":26},"end":{"line":135,"column":29},"skip":true},{"start":{"line":136,"column":26},"end":{"line":136,"column":54},"skip":true}]},"17":{"line":164,"type":"binary-expr","locations":[{"start":{"line":164,"column":27},"end":{"line":164,"column":43},"skip":true},{"start":{"line":164,"column":47},"end":{"line":164,"column":49},"skip":true}]},"18":{"line":258,"type":"if","locations":[{"start":{"line":258,"column":8},"end":{"line":258,"column":8},"skip":true},{"start":{"line":258,"column":8},"end":{"line":258,"column":8},"skip":true}]},"19":{"line":275,"type":"switch","locations":[{"start":{"line":276,"column":20},"end":{"line":277,"column":64},"skip":true},{"start":{"line":278,"column":20},"end":{"line":279,"column":40},"skip":true},{"start":{"line":280,"column":20},"end":{"line":281,"column":40},"skip":true},{"start":{"line":282,"column":20},"end":{"line":283,"column":39},"skip":true}]},"20":{"line":288,"type":"if","locations":[{"start":{"line":288,"column":8},"end":{"line":288,"column":8},"skip":true},{"start":{"line":288,"column":8},"end":{"line":288,"column":8},"skip":true}]},"21":{"line":288,"type":"binary-expr","locations":[{"start":{"line":288,"column":12},"end":{"line":288,"column":40},"skip":true},{"start":{"line":288,"column":44},"end":{"line":288,"column":67},"skip":true}]},"22":{"line":292,"type":"binary-expr","locations":[{"start":{"line":292,"column":12},"end":{"line":292,"column":50},"skip":true},{"start":{"line":293,"column":12},"end":{"line":293,"column":53},"skip":true}]},"23":{"line":297,"type":"binary-expr","locations":[{"start":{"line":297,"column":12},"end":{"line":297,"column":69},"skip":true},{"start":{"line":298,"column":12},"end":{"line":301,"column":36},"skip":true}]},"24":{"line":303,"type":"binary-expr","locations":[{"start":{"line":303,"column":43},"end":{"line":303,"column":75},"skip":true},{"start":{"line":303,"column":79},"end":{"line":303,"column":81},"skip":true}]},"25":{"line":306,"type":"if","locations":[{"start":{"line":306,"column":8},"end":{"line":306,"column":8},"skip":true},{"start":{"line":306,"column":8},"end":{"line":306,"column":8},"skip":true}]},"26":{"line":310,"type":"if","locations":[{"start":{"line":310,"column":8},"end":{"line":310,"column":8},"skip":true},{"start":{"line":310,"column":8},"end":{"line":310,"column":8},"skip":true}]},"27":{"line":313,"type":"binary-expr","locations":[{"start":{"line":313,"column":27},"end":{"line":313,"column":43},"skip":true},{"start":{"line":313,"column":47},"end":{"line":313,"column":53},"skip":true}]},"28":{"line":317,"type":"if","locations":[{"start":{"line":317,"column":12},"end":{"line":317,"column":12},"skip":true},{"start":{"line":317,"column":12},"end":{"line":317,"column":12},"skip":true}]}},"code":["/*","example.js","","quickstart example","","instruction","    1. save this script as example.js","    2. run the shell command:","        $ npm install npmtest-express-vue && PORT=8081 node example.js","    3. play with the browser-demo on http://127.0.0.1:8081","*/","","","","/* istanbul instrument in package npmtest_express_vue */","/*jslint","    bitwise: true,","    browser: true,","    maxerr: 8,","    maxlen: 96,","    node: true,","    nomen: true,","    regexp: true,","    stupid: true","*/","(function () {","    'use strict';","    var local;","","","","    // run shared js-env code - pre-init","    (function () {","        // init local","        local = {};","        // init modeJs","        local.modeJs = (function () {","            try {","                return typeof navigator.userAgent === 'string' &&","                    typeof document.querySelector('body') === 'object' &&","                    typeof XMLHttpRequest.prototype.open === 'function' &&","                    'browser';","            } catch (errorCaughtBrowser) {","                return module.exports &&","                    typeof process.versions.node === 'string' &&","                    typeof require('http').createServer === 'function' &&","                    'node';","            }","        }());","        // init global","        local.global = local.modeJs === 'browser'","            ? window","            : global;","        // init utility2_rollup","        local = local.global.utility2_rollup || (local.modeJs === 'browser'","            ? local.global.utility2_npmtest_express_vue","            : global.utility2_moduleExports);","        // export local","        local.global.local = local;","    }());","    switch (local.modeJs) {","","","","    // post-init","    // run browser js-env code - post-init","    /* istanbul ignore next */","    case 'browser':","        local.testRunBrowser = function (event) {","            if (!event || (event &&","                    event.currentTarget &&","                    event.currentTarget.className &&","                    event.currentTarget.className.includes &&","                    event.currentTarget.className.includes('onreset'))) {","                // reset output","                Array.from(","                    document.querySelectorAll('body > .resettable')","                ).forEach(function (element) {","                    switch (element.tagName) {","                    case 'INPUT':","                    case 'TEXTAREA':","                        element.value = '';","                        break;","                    default:","                        element.textContent = '';","                    }","                });","            }","            switch (event && event.currentTarget && event.currentTarget.id) {","            case 'testRunButton1':","                // show tests","                if (document.querySelector('#testReportDiv1').style.display === 'none') {","                    document.querySelector('#testReportDiv1').style.display = 'block';","                    document.querySelector('#testRunButton1').textContent =","                        'hide internal test';","                    local.modeTest = true;","                    local.testRunDefault(local);","                // hide tests","                } else {","                    document.querySelector('#testReportDiv1').style.display = 'none';","                    document.querySelector('#testRunButton1').textContent = 'run internal test';","                }","                break;","            // custom-case","            default:","                break;","            }","            if (document.querySelector('#inputTextareaEval1') && (!event || (event &&","                    event.currentTarget &&","                    event.currentTarget.className &&","                    event.currentTarget.className.includes &&","                    event.currentTarget.className.includes('oneval')))) {","                // try to eval input-code","                try {","                    /*jslint evil: true*/","                    eval(document.querySelector('#inputTextareaEval1').value);","                } catch (errorCaught) {","                    console.error(errorCaught);","                }","            }","        };","        // log stderr and stdout to #outputTextareaStdout1","        ['error', 'log'].forEach(function (key) {","            console[key + '_original'] = console[key];","            console[key] = function () {","                var element;","                console[key + '_original'].apply(console, arguments);","                element = document.querySelector('#outputTextareaStdout1');","                if (!element) {","                    return;","                }","                // append text to #outputTextareaStdout1","                element.value += Array.from(arguments).map(function (arg) {","                    return typeof arg === 'string'","                        ? arg","                        : JSON.stringify(arg, null, 4);","                }).join(' ') + '\\n';","                // scroll textarea to bottom","                element.scrollTop = element.scrollHeight;","            };","        });","        // init event-handling","        ['change', 'click', 'keyup'].forEach(function (event) {","            Array.from(document.querySelectorAll('.on' + event)).forEach(function (element) {","                element.addEventListener(event, local.testRunBrowser);","            });","        });","        // run tests","        local.testRunBrowser();","        break;","","","","    // run node js-env code - post-init","    /* istanbul ignore next */","    case 'node':","        // export local","        module.exports = local;","        // require modules","        local.fs = require('fs');","        local.http = require('http');","        local.url = require('url');","        // init assets","        local.assetsDict = local.assetsDict || {};","        /* jslint-ignore-begin */","        local.assetsDict['/assets.index.template.html'] = '\\","<!doctype html>\\n\\","<html lang=\"en\">\\n\\","<head>\\n\\","<meta charset=\"UTF-8\">\\n\\","<meta name=\"viewport\" content=\"width=device-width, initial-scale=1\">\\n\\","<title>{{env.npm_package_name}} (v{{env.npm_package_version}})</title>\\n\\","<style>\\n\\","/*csslint\\n\\","    box-sizing: false,\\n\\","    universal-selector: false\\n\\","*/\\n\\","* {\\n\\","    box-sizing: border-box;\\n\\","}\\n\\","body {\\n\\","    background: #dde;\\n\\","    font-family: Arial, Helvetica, sans-serif;\\n\\","    margin: 2rem;\\n\\","}\\n\\","body > * {\\n\\","    margin-bottom: 1rem;\\n\\","}\\n\\",".utility2FooterDiv {\\n\\","    margin-top: 20px;\\n\\","    text-align: center;\\n\\","}\\n\\","</style>\\n\\","<style>\\n\\","/*csslint\\n\\","*/\\n\\","textarea {\\n\\","    font-family: monospace;\\n\\","    height: 10rem;\\n\\","    width: 100%;\\n\\","}\\n\\","textarea[readonly] {\\n\\","    background: #ddd;\\n\\","}\\n\\","</style>\\n\\","</head>\\n\\","<body>\\n\\","<!-- utility2-comment\\n\\","<div id=\"ajaxProgressDiv1\" style=\"background: #d00; height: 2px; left: 0; margin: 0; padding: 0; position: fixed; top: 0; transition: background 0.5s, width 1.5s; width: 25%;\"></div>\\n\\","utility2-comment -->\\n\\","<h1>\\n\\","<!-- utility2-comment\\n\\","    <a\\n\\","        {{#if env.npm_package_homepage}}\\n\\","        href=\"{{env.npm_package_homepage}}\"\\n\\","        {{/if env.npm_package_homepage}}\\n\\","        target=\"_blank\"\\n\\","    >\\n\\","utility2-comment -->\\n\\","        {{env.npm_package_name}} (v{{env.npm_package_version}})\\n\\","<!-- utility2-comment\\n\\","    </a>\\n\\","utility2-comment -->\\n\\","</h1>\\n\\","<h3>{{env.npm_package_description}}</h3>\\n\\","<!-- utility2-comment\\n\\","<h4><a download href=\"assets.app.js\">download standalone app</a></h4>\\n\\","<button class=\"onclick onreset\" id=\"testRunButton1\">run internal test</button><br>\\n\\","<div id=\"testReportDiv1\" style=\"display: none;\"></div>\\n\\","utility2-comment -->\\n\\","\\n\\","\\n\\","\\n\\","<label>stderr and stdout</label>\\n\\","<textarea class=\"resettable\" id=\"outputTextareaStdout1\" readonly></textarea>\\n\\","<!-- utility2-comment\\n\\","{{#if isRollup}}\\n\\","<script src=\"assets.app.js\"></script>\\n\\","{{#unless isRollup}}\\n\\","utility2-comment -->\\n\\","<script src=\"assets.utility2.rollup.js\"></script>\\n\\","<script src=\"jsonp.utility2._stateInit?callback=window.utility2._stateInit\"></script>\\n\\","<script src=\"assets.npmtest_express_vue.rollup.js\"></script>\\n\\","<script src=\"assets.example.js\"></script>\\n\\","<script src=\"assets.test.js\"></script>\\n\\","<!-- utility2-comment\\n\\","{{/if isRollup}}\\n\\","utility2-comment -->\\n\\","<div class=\"utility2FooterDiv\">\\n\\","    [ this app was created with\\n\\","    <a href=\"https://github.com/kaizhu256/node-utility2\" target=\"_blank\">utility2</a>\\n\\","    ]\\n\\","</div>\\n\\","</body>\\n\\","</html>\\n\\","';","        /* jslint-ignore-end */","        if (local.templateRender) {","            local.assetsDict['/'] = local.templateRender(","                local.assetsDict['/assets.index.template.html'],","                {","                    env: local.objectSetDefault(local.env, {","                        npm_package_description: 'the greatest app in the world!',","                        npm_package_name: 'my-app',","                        npm_package_nameAlias: 'my_app',","                        npm_package_version: '0.0.1'","                    })","                }","            );","        } else {","            local.assetsDict['/'] = local.assetsDict['/assets.index.template.html']","                .replace((/\\{\\{env\\.(\\w+?)\\}\\}/g), function (match0, match1) {","                    // jslint-hack","                    String(match0);","                    switch (match1) {","                    case 'npm_package_description':","                        return 'the greatest app in the world!';","                    case 'npm_package_name':","                        return 'my-app';","                    case 'npm_package_nameAlias':","                        return 'my_app';","                    case 'npm_package_version':","                        return '0.0.1';","                    }","                });","        }","        // run the cli","        if (local.global.utility2_rollup || module !== require.main) {","            break;","        }","        local.assetsDict['/assets.example.js'] =","            local.assetsDict['/assets.example.js'] ||","            local.fs.readFileSync(__filename, 'utf8');","        // bug-workaround - long $npm_package_buildCustomOrg","        /* jslint-ignore-begin */","        local.assetsDict['/assets.npmtest_express_vue.rollup.js'] =","            local.assetsDict['/assets.npmtest_express_vue.rollup.js'] ||","            local.fs.readFileSync(","                local.npmtest_express_vue.__dirname + '/lib.npmtest_express_vue.js',","                'utf8'","            ).replace((/^#!/), '//');","        /* jslint-ignore-end */","        local.assetsDict['/favicon.ico'] = local.assetsDict['/favicon.ico'] || '';","        // if $npm_config_timeout_exit exists,","        // then exit this process after $npm_config_timeout_exit ms","        if (Number(process.env.npm_config_timeout_exit)) {","            setTimeout(process.exit, Number(process.env.npm_config_timeout_exit));","        }","        // start server","        if (local.global.utility2_serverHttp1) {","            break;","        }","        process.env.PORT = process.env.PORT || '8081';","        console.error('server starting on port ' + process.env.PORT);","        local.http.createServer(function (request, response) {","            request.urlParsed = local.url.parse(request.url);","            if (local.assetsDict[request.urlParsed.pathname] !== undefined) {","                response.end(local.assetsDict[request.urlParsed.pathname]);","                return;","            }","            response.statusCode = 404;","            response.end();","        }).listen(process.env.PORT);","        break;","    }","}());",""],"l":{"26":2,"28":2,"33":2,"35":2,"37":2,"38":2,"39":2,"44":1,"51":2,"55":2,"59":2,"61":2,"69":1,"70":2,"76":2,"79":2,"82":2,"83":2,"85":1,"89":2,"92":1,"93":1,"94":1,"96":1,"97":1,"100":1,"101":1,"103":1,"106":1,"108":2,"114":1,"116":1,"118":1,"123":1,"124":2,"125":2,"126":3,"127":3,"128":3,"129":3,"130":1,"133":3,"134":3,"139":3,"143":1,"144":3,"145":1,"149":1,"150":1,"158":1,"160":1,"161":1,"162":1,"164":1,"166":1,"258":1,"259":1,"271":1,"274":6,"275":6,"277":1,"279":2,"281":1,"283":2,"288":1,"289":1,"291":1,"296":1,"303":1,"306":1,"307":1,"310":1,"311":1,"313":1,"314":1,"315":1,"316":1,"317":1,"318":1,"319":1,"321":1,"322":1,"324":1}},"/home/travis/build/npmtest/node-npmtest-express-vue/node_modules/express-vue/dist/index.js":{"path":"/home/travis/build/npmtest/node-npmtest-express-vue/node_modules/express-vue/dist/index.js","s":{"1":1,"2":1,"3":1,"4":1,"5":1,"6":0,"7":0,"8":0,"9":0,"10":0,"11":1,"12":1},"b":{},"f":{"1":0,"2":0,"3":0},"fnMap":{"1":{"name":"expressVue","line":13,"loc":{"start":{"line":13,"column":0},"end":{"line":13,"column":54}}},"2":{"name":"(anonymous_2)","line":18,"loc":{"start":{"line":18,"column":35},"end":{"line":18,"column":57}}},"3":{"name":"(anonymous_3)","line":20,"loc":{"start":{"line":20,"column":13},"end":{"line":20,"column":30}}}},"statementMap":{"1":{"start":{"line":3,"column":0},"end":{"line":5,"column":3}},"2":{"start":{"line":7,"column":0},"end":{"line":7,"column":34}},"3":{"start":{"line":9,"column":0},"end":{"line":9,"column":32}},"4":{"start":{"line":11,"column":0},"end":{"line":11,"column":22}},"5":{"start":{"line":13,"column":0},"end":{"line":23,"column":1}},"6":{"start":{"line":15,"column":4},"end":{"line":15,"column":49}},"7":{"start":{"line":16,"column":4},"end":{"line":16,"column":76}},"8":{"start":{"line":18,"column":4},"end":{"line":22,"column":7}},"9":{"start":{"line":19,"column":8},"end":{"line":19,"column":69}},"10":{"start":{"line":21,"column":8},"end":{"line":21,"column":49}},"11":{"start":{"line":25,"column":0},"end":{"line":25,"column":29}},"12":{"start":{"line":26,"column":0},"end":{"line":26,"column":36}}},"branchMap":{},"code":["'use strict';","","Object.defineProperty(exports, \"__esModule\", {","    value: true","});","","var _models = require('./models');","","var _utils = require('./utils');","","var promiseArray = [];","","function expressVue(componentPath, options, callback) {","","    var defaults = new _models.Defaults(options);","    promiseArray = (0, _utils.setupComponentArray)(componentPath, defaults);","","    Promise.all(promiseArray).then(function (components) {","        (0, _utils.renderComponents)(components, defaults, callback);","    }).catch(function (error) {","        (0, _utils.renderError)(error, callback);","    });","}","","exports.default = expressVue;","module.exports = exports['default'];"],"l":{"3":1,"7":1,"9":1,"11":1,"13":1,"15":0,"16":0,"18":0,"19":0,"21":0,"25":1,"26":1}},"/home/travis/build/npmtest/node-npmtest-express-vue/node_modules/express-vue/dist/models/index.js":{"path":"/home/travis/build/npmtest/node-npmtest-express-vue/node_modules/express-vue/dist/models/index.js","s":{"1":1,"2":1,"3":1,"4":1,"5":1,"6":1,"7":1,"8":1,"9":1,"10":3,"11":1,"12":1,"13":1},"b":{"1":[0,3],"2":[3,3]},"f":{"1":3},"fnMap":{"1":{"name":"_interopRequireDefault","line":20,"loc":{"start":{"line":20,"column":0},"end":{"line":20,"column":37}}}},"statementMap":{"1":{"start":{"line":3,"column":0},"end":{"line":5,"column":3}},"2":{"start":{"line":6,"column":0},"end":{"line":6,"column":66}},"3":{"start":{"line":8,"column":0},"end":{"line":8,"column":32}},"4":{"start":{"line":10,"column":0},"end":{"line":10,"column":45}},"5":{"start":{"line":12,"column":0},"end":{"line":12,"column":38}},"6":{"start":{"line":14,"column":0},"end":{"line":14,"column":51}},"7":{"start":{"line":16,"column":0},"end":{"line":16,"column":42}},"8":{"start":{"line":18,"column":0},"end":{"line":18,"column":55}},"9":{"start":{"line":20,"column":0},"end":{"line":20,"column":95}},"10":{"start":{"line":20,"column":39},"end":{"line":20,"column":93}},"11":{"start":{"line":22,"column":0},"end":{"line":22,"column":32}},"12":{"start":{"line":23,"column":0},"end":{"line":23,"column":38}},"13":{"start":{"line":24,"column":0},"end":{"line":24,"column":42}}},"branchMap":{"1":{"line":20,"type":"cond-expr","locations":[{"start":{"line":20,"column":70},"end":{"line":20,"column":73}},{"start":{"line":20,"column":76},"end":{"line":20,"column":92}}]},"2":{"line":20,"type":"binary-expr","locations":[{"start":{"line":20,"column":46},"end":{"line":20,"column":49}},{"start":{"line":20,"column":53},"end":{"line":20,"column":67}}]}},"code":["'use strict';","","Object.defineProperty(exports, \"__esModule\", {","    value: true","});","exports.DataObject = exports.Defaults = exports.Types = undefined;","","var _types = require('./types');","","var _types2 = _interopRequireDefault(_types);","","var _defaults = require('./defaults');","","var _defaults2 = _interopRequireDefault(_defaults);","","var _dataObject = require('./dataObject');","","var _dataObject2 = _interopRequireDefault(_dataObject);","","function _interopRequireDefault(obj) { return obj && obj.__esModule ? obj : { default: obj }; }","","exports.Types = _types2.default;","exports.Defaults = _defaults2.default;","exports.DataObject = _dataObject2.default;"],"l":{"3":1,"6":1,"8":1,"10":1,"12":1,"14":1,"16":1,"18":1,"20":3,"22":1,"23":1,"24":1}},"/home/travis/build/npmtest/node-npmtest-express-vue/node_modules/express-vue/dist/models/types.js":{"path":"/home/travis/build/npmtest/node-npmtest-express-vue/node_modules/express-vue/dist/models/types.js","s":{"1":1,"2":1,"3":3,"4":0,"5":1,"6":3,"7":3,"8":3,"9":3,"10":1,"11":1},"b":{"1":[0,3]},"f":{"1":3,"2":3},"fnMap":{"1":{"name":"_classCallCheck","line":7,"loc":{"start":{"line":7,"column":0},"end":{"line":7,"column":48}}},"2":{"name":"Types","line":9,"loc":{"start":{"line":9,"column":12},"end":{"line":9,"column":29}}}},"statementMap":{"1":{"start":{"line":3,"column":0},"end":{"line":5,"column":3}},"2":{"start":{"line":7,"column":0},"end":{"line":7,"column":153}},"3":{"start":{"line":7,"column":50},"end":{"line":7,"column":151}},"4":{"start":{"line":7,"column":92},"end":{"line":7,"column":149}},"5":{"start":{"line":9,"column":0},"end":{"line":15,"column":2}},"6":{"start":{"line":10,"column":4},"end":{"line":10,"column":33}},"7":{"start":{"line":12,"column":4},"end":{"line":12,"column":33}},"8":{"start":{"line":13,"column":4},"end":{"line":13,"column":39}},"9":{"start":{"line":14,"column":4},"end":{"line":14,"column":27}},"10":{"start":{"line":17,"column":0},"end":{"line":17,"column":24}},"11":{"start":{"line":18,"column":0},"end":{"line":18,"column":36}}},"branchMap":{"1":{"line":7,"type":"if","locations":[{"start":{"line":7,"column":50},"end":{"line":7,"column":50}},{"start":{"line":7,"column":50},"end":{"line":7,"column":50}}]}},"code":["'use strict';","","Object.defineProperty(exports, \"__esModule\", {","    value: true","});","","function _classCallCheck(instance, Constructor) { if (!(instance instanceof Constructor)) { throw new TypeError(\"Cannot call a class as a function\"); } }","","var Types = function Types() {","    _classCallCheck(this, Types);","","    this.COMPONENT = 'COMPONENT';","    this.SUBCOMPONENT = 'SUBCOMPONENT';","    this.LAYOUT = 'LAYOUT';","};","","exports.default = Types;","module.exports = exports['default'];"],"l":{"3":1,"7":3,"9":1,"10":3,"12":3,"13":3,"14":3,"17":1,"18":1}},"/home/travis/build/npmtest/node-npmtest-express-vue/node_modules/express-vue/dist/models/defaults.js":{"path":"/home/travis/build/npmtest/node-npmtest-express-vue/node_modules/express-vue/dist/models/defaults.js","s":{"1":1,"2":1,"3":0,"4":0,"5":1,"6":0,"7":0,"8":0,"9":0,"10":0,"11":0,"12":0,"13":0,"14":0,"15":0,"16":1,"17":1},"b":{"1":[0,0],"2":[0,0],"3":[0,0],"4":[0,0],"5":[0,0],"6":[0,0],"7":[0,0],"8":[0,0],"9":[0,0]},"f":{"1":0,"2":0},"fnMap":{"1":{"name":"_classCallCheck","line":7,"loc":{"start":{"line":7,"column":0},"end":{"line":7,"column":48}}},"2":{"name":"Defaults","line":9,"loc":{"start":{"line":9,"column":15},"end":{"line":9,"column":35}}}},"statementMap":{"1":{"start":{"line":3,"column":0},"end":{"line":5,"column":3}},"2":{"start":{"line":7,"column":0},"end":{"line":7,"column":153}},"3":{"start":{"line":7,"column":50},"end":{"line":7,"column":151}},"4":{"start":{"line":7,"column":92},"end":{"line":7,"column":149}},"5":{"start":{"line":9,"column":0},"end":{"line":22,"column":2}},"6":{"start":{"line":10,"column":4},"end":{"line":10,"column":89}},"7":{"start":{"line":12,"column":4},"end":{"line":12,"column":36}},"8":{"start":{"line":14,"column":4},"end":{"line":14,"column":133}},"9":{"start":{"line":15,"column":4},"end":{"line":15,"column":129}},"10":{"start":{"line":16,"column":4},"end":{"line":16,"column":122}},"11":{"start":{"line":17,"column":4},"end":{"line":17,"column":217}},"12":{"start":{"line":18,"column":4},"end":{"line":18,"column":98}},"13":{"start":{"line":19,"column":4},"end":{"line":19,"column":351}},"14":{"start":{"line":20,"column":4},"end":{"line":20,"column":68}},"15":{"start":{"line":21,"column":4},"end":{"line":21,"column":27}},"16":{"start":{"line":24,"column":0},"end":{"line":24,"column":27}},"17":{"start":{"line":25,"column":0},"end":{"line":25,"column":36}}},"branchMap":{"1":{"line":7,"type":"if","locations":[{"start":{"line":7,"column":50},"end":{"line":7,"column":50}},{"start":{"line":7,"column":50},"end":{"line":7,"column":50}}]},"2":{"line":10,"type":"cond-expr","locations":[{"start":{"line":10,"column":71},"end":{"line":10,"column":83}},{"start":{"line":10,"column":86},"end":{"line":10,"column":88}}]},"3":{"line":10,"type":"binary-expr","locations":[{"start":{"line":10,"column":18},"end":{"line":10,"column":38}},{"start":{"line":10,"column":42},"end":{"line":10,"column":68}}]},"4":{"line":14,"type":"cond-expr","locations":[{"start":{"line":14,"column":66},"end":{"line":14,"column":94}},{"start":{"line":14,"column":97},"end":{"line":14,"column":132}}]},"5":{"line":15,"type":"cond-expr","locations":[{"start":{"line":15,"column":70},"end":{"line":15,"column":72}},{"start":{"line":15,"column":75},"end":{"line":15,"column":128}}]},"6":{"line":16,"type":"cond-expr","locations":[{"start":{"line":16,"column":76},"end":{"line":16,"column":78}},{"start":{"line":16,"column":81},"end":{"line":16,"column":121}}]},"7":{"line":17,"type":"cond-expr","locations":[{"start":{"line":17,"column":76},"end":{"line":17,"column":78}},{"start":{"line":17,"column":81},"end":{"line":17,"column":216}}]},"8":{"line":17,"type":"cond-expr","locations":[{"start":{"line":17,"column":129},"end":{"line":17,"column":179}},{"start":{"line":17,"column":182},"end":{"line":17,"column":216}}]},"9":{"line":18,"type":"cond-expr","locations":[{"start":{"line":18,"column":64},"end":{"line":18,"column":66}},{"start":{"line":18,"column":69},"end":{"line":18,"column":97}}]}},"code":["'use strict';","","Object.defineProperty(exports, \"__esModule\", {","    value: true","});","","function _classCallCheck(instance, Constructor) { if (!(instance instanceof Constructor)) { throw new TypeError(\"Cannot call a class as a function\"); } }","","var Defaults = function Defaults() {","    var options = arguments.length > 0 && arguments[0] !== undefined ? arguments[0] : {};","","    _classCallCheck(this, Defaults);","","    this.rootPath = options.settings.vue.rootPath === undefined ? options.settings.views + '/' : options.settings.vue.rootPath + '/';","    this.layoutsDir = options.settings.vue.layoutsDir === undefined ? '' : this.rootPath + options.settings.vue.layoutsDir + '/';","    this.componentsDir = options.settings.vue.componentsDir === undefined ? '' : options.settings.vue.componentsDir + '/';","    this.defaultLayout = options.settings.vue.defaultLayout === undefined ? '' : options.settings.vue.layoutsDir === undefined ? this.rootPath + options.settings.vue.defaultLayout : options.settings.vue.defaultLayout;","    this.options = options.settings.vue.options === undefined ? {} : options.settings.vue.options;","    this.backupLayout = '<template><!DOCTYPE html><html lang=\"en\"><head><meta charset=\"UTF-8\"><meta name=\"viewport\" content=\"width=device-width, initial-scale=1.0, maximum-scale=1.0, user-scalable=no\"><script src=\"https://unpkg.com/vue/dist/vue.js\"></script></head><body>{{{app}}}{{{script}}}</body></html></template><script></script><style></style>';","    this.layoutPath = this.layoutsDir + this.defaultLayout + '.vue';","    this.options = options;","};","","exports.default = Defaults;","module.exports = exports['default'];"],"l":{"3":1,"7":1,"9":1,"10":0,"12":0,"14":0,"15":0,"16":0,"17":0,"18":0,"19":0,"20":0,"21":0,"24":1,"25":1}},"/home/travis/build/npmtest/node-npmtest-express-vue/node_modules/express-vue/dist/models/dataObject.js":{"path":"/home/travis/build/npmtest/node-npmtest-express-vue/node_modules/express-vue/dist/models/dataObject.js","s":{"1":1,"2":1,"3":1,"4":1,"5":1,"6":1,"7":0,"8":0,"9":1,"10":1,"11":0,"12":0,"13":0,"14":0,"15":0,"16":0,"17":1,"18":1},"b":{"1":[0,1],"2":[1,1],"3":[0,0],"4":[0,0]},"f":{"1":1,"2":0,"3":0},"fnMap":{"1":{"name":"_interopRequireDefault","line":11,"loc":{"start":{"line":11,"column":0},"end":{"line":11,"column":37}}},"2":{"name":"_classCallCheck","line":13,"loc":{"start":{"line":13,"column":0},"end":{"line":13,"column":48}}},"3":{"name":"DataObject","line":17,"loc":{"start":{"line":17,"column":17},"end":{"line":17,"column":71}}}},"statementMap":{"1":{"start":{"line":3,"column":0},"end":{"line":5,"column":3}},"2":{"start":{"line":7,"column":0},"end":{"line":7,"column":32}},"3":{"start":{"line":9,"column":0},"end":{"line":9,"column":45}},"4":{"start":{"line":11,"column":0},"end":{"line":11,"column":95}},"5":{"start":{"line":11,"column":39},"end":{"line":11,"column":93}},"6":{"start":{"line":13,"column":0},"end":{"line":13,"column":153}},"7":{"start":{"line":13,"column":50},"end":{"line":13,"column":151}},"8":{"start":{"line":13,"column":92},"end":{"line":13,"column":149}},"9":{"start":{"line":15,"column":0},"end":{"line":15,"column":34}},"10":{"start":{"line":17,"column":0},"end":{"line":28,"column":2}},"11":{"start":{"line":18,"column":4},"end":{"line":18,"column":38}},"12":{"start":{"line":20,"column":4},"end":{"line":27,"column":5}},"13":{"start":{"line":22,"column":12},"end":{"line":22,"column":70}},"14":{"start":{"line":23,"column":12},"end":{"line":23,"column":18}},"15":{"start":{"line":25,"column":12},"end":{"line":25,"column":38}},"16":{"start":{"line":26,"column":12},"end":{"line":26,"column":18}},"17":{"start":{"line":30,"column":0},"end":{"line":30,"column":29}},"18":{"start":{"line":31,"column":0},"end":{"line":31,"column":36}}},"branchMap":{"1":{"line":11,"type":"cond-expr","locations":[{"start":{"line":11,"column":70},"end":{"line":11,"column":73}},{"start":{"line":11,"column":76},"end":{"line":11,"column":92}}]},"2":{"line":11,"type":"binary-expr","locations":[{"start":{"line":11,"column":46},"end":{"line":11,"column":49}},{"start":{"line":11,"column":53},"end":{"line":11,"column":67}}]},"3":{"line":13,"type":"if","locations":[{"start":{"line":13,"column":50},"end":{"line":13,"column":50}},{"start":{"line":13,"column":50},"end":{"line":13,"column":50}}]},"4":{"line":20,"type":"switch","locations":[{"start":{"line":21,"column":8},"end":{"line":23,"column":18}},{"start":{"line":24,"column":8},"end":{"line":26,"column":18}}]}},"code":["'use strict';","","Object.defineProperty(exports, \"__esModule\", {","    value: true","});","","var _types = require('./types');","","var _types2 = _interopRequireDefault(_types);","","function _interopRequireDefault(obj) { return obj && obj.__esModule ? obj : { default: obj }; }","","function _classCallCheck(instance, Constructor) { if (!(instance instanceof Constructor)) { throw new TypeError(\"Cannot call a class as a function\"); } }","","var types = new _types2.default();","","var DataObject = function DataObject(componentData, defaultData, type) {","    _classCallCheck(this, DataObject);","","    switch (type) {","        case types.COMPONENT:","            this.data = Object.assign({}, componentData, defaultData);","            break;","        case types.SUBCOMPONENT:","            this.data = componentData;","            break;","    }","};","","exports.default = DataObject;","module.exports = exports['default'];"],"l":{"3":1,"7":1,"9":1,"11":1,"13":1,"15":1,"17":1,"18":0,"20":0,"22":0,"23":0,"25":0,"26":0,"30":1,"31":1}},"/home/travis/build/npmtest/node-npmtest-express-vue/node_modules/express-vue/dist/utils/index.js":{"path":"/home/travis/build/npmtest/node-npmtest-express-vue/node_modules/express-vue/dist/utils/index.js","s":{"1":1,"2":1,"3":1,"4":1,"5":1,"6":1,"7":1,"8":1,"9":1,"10":1,"11":1,"12":1,"13":1,"14":1,"15":5,"16":1,"17":1,"18":1,"19":1,"20":1,"21":1,"22":1,"23":1,"24":1,"25":1},"b":{"1":[0,5],"2":[5,5]},"f":{"1":5},"fnMap":{"1":{"name":"_interopRequireDefault","line":30,"loc":{"start":{"line":30,"column":0},"end":{"line":30,"column":37}}}},"statementMap":{"1":{"start":{"line":3,"column":0},"end":{"line":5,"column":3}},"2":{"start":{"line":6,"column":0},"end":{"line":6,"column":256}},"3":{"start":{"line":8,"column":0},"end":{"line":8,"column":34}},"4":{"start":{"line":10,"column":0},"end":{"line":10,"column":34}},"5":{"start":{"line":12,"column":0},"end":{"line":12,"column":47}},"6":{"start":{"line":14,"column":0},"end":{"line":14,"column":30}},"7":{"start":{"line":16,"column":0},"end":{"line":16,"column":43}},"8":{"start":{"line":18,"column":0},"end":{"line":18,"column":50}},"9":{"start":{"line":20,"column":0},"end":{"line":20,"column":63}},"10":{"start":{"line":22,"column":0},"end":{"line":22,"column":44}},"11":{"start":{"line":24,"column":0},"end":{"line":24,"column":57}},"12":{"start":{"line":26,"column":0},"end":{"line":26,"column":54}},"13":{"start":{"line":28,"column":0},"end":{"line":28,"column":67}},"14":{"start":{"line":30,"column":0},"end":{"line":30,"column":95}},"15":{"start":{"line":30,"column":39},"end":{"line":30,"column":93}},"16":{"start":{"line":32,"column":0},"end":{"line":32,"column":40}},"17":{"start":{"line":33,"column":0},"end":{"line":33,"column":40}},"18":{"start":{"line":34,"column":0},"end":{"line":34,"column":48}},"19":{"start":{"line":35,"column":0},"end":{"line":35,"column":58}},"20":{"start":{"line":36,"column":0},"end":{"line":36,"column":50}},"21":{"start":{"line":37,"column":0},"end":{"line":37,"column":42}},"22":{"start":{"line":38,"column":0},"end":{"line":38,"column":34}},"23":{"start":{"line":39,"column":0},"end":{"line":39,"column":55}},"24":{"start":{"line":40,"column":0},"end":{"line":40,"column":44}},"25":{"start":{"line":41,"column":0},"end":{"line":41,"column":54}}},"branchMap":{"1":{"line":30,"type":"cond-expr","locations":[{"start":{"line":30,"column":70},"end":{"line":30,"column":73}},{"start":{"line":30,"column":76},"end":{"line":30,"column":92}}]},"2":{"line":30,"type":"binary-expr","locations":[{"start":{"line":30,"column":46},"end":{"line":30,"column":49}},{"start":{"line":30,"column":53},"end":{"line":30,"column":67}}]}},"code":["'use strict';","","Object.defineProperty(exports, \"__esModule\", {","    value: true","});","exports.renderComponents = exports.renderError = exports.setupComponentArray = exports.headUtil = exports.scriptToString = exports.renderVueMixins = exports.renderVueComponents = exports.renderHtmlUtil = exports.layoutUtil = exports.renderUtil = undefined;","","var _render = require('./render');","","var _string = require('./string');","","var _string2 = _interopRequireDefault(_string);","","var _head = require('./head');","","var _head2 = _interopRequireDefault(_head);","","var _componentArray = require('./componentArray');","","var _componentArray2 = _interopRequireDefault(_componentArray);","","var _renderError = require('./renderError');","","var _renderError2 = _interopRequireDefault(_renderError);","","var _renderComponents = require('./renderComponents');","","var _renderComponents2 = _interopRequireDefault(_renderComponents);","","function _interopRequireDefault(obj) { return obj && obj.__esModule ? obj : { default: obj }; }","","exports.renderUtil = _render.renderUtil;","exports.layoutUtil = _render.layoutUtil;","exports.renderHtmlUtil = _render.renderHtmlUtil;","exports.renderVueComponents = _render.renderVueComponents;","exports.renderVueMixins = _render.renderVueMixins;","exports.scriptToString = _string2.default;","exports.headUtil = _head2.default;","exports.setupComponentArray = _componentArray2.default;","exports.renderError = _renderError2.default;","exports.renderComponents = _renderComponents2.default;"],"l":{"3":1,"6":1,"8":1,"10":1,"12":1,"14":1,"16":1,"18":1,"20":1,"22":1,"24":1,"26":1,"28":1,"30":5,"32":1,"33":1,"34":1,"35":1,"36":1,"37":1,"38":1,"39":1,"40":1,"41":1}},"/home/travis/build/npmtest/node-npmtest-express-vue/node_modules/express-vue/dist/utils/render.js":{"path":"/home/travis/build/npmtest/node-npmtest-express-vue/node_modules/express-vue/dist/utils/render.js","s":{"1":1,"2":1,"3":1,"4":1,"5":1,"6":1,"7":1,"8":1,"9":1,"10":1,"11":1,"12":1,"13":4,"14":1,"15":1,"16":1,"17":1,"18":1,"19":1,"20":0,"21":0,"22":0,"23":0,"24":0,"25":0,"26":0,"27":0,"28":0,"29":0,"30":0,"31":0,"32":0,"33":0,"34":0,"35":0,"36":0,"37":1,"38":0,"39":0,"40":0,"41":0,"42":0,"43":0,"44":0,"45":0,"46":0,"47":0,"48":0,"49":0,"50":0,"51":0,"52":0,"53":0,"54":0,"55":0,"56":0,"57":0,"58":0,"59":0,"60":0,"61":0,"62":0,"63":1,"64":0,"65":0,"66":0,"67":0,"68":0,"69":0,"70":0,"71":0,"72":0,"73":0,"74":0,"75":1,"76":0,"77":0,"78":0,"79":0,"80":0,"81":0,"82":0,"83":0,"84":1,"85":0,"86":0,"87":0,"88":0,"89":0,"90":0,"91":0,"92":0,"93":0,"94":0,"95":0,"96":0,"97":0,"98":0,"99":0,"100":0,"101":1,"102":0,"103":0,"104":0,"105":0,"106":0,"107":0,"108":0,"109":0,"110":0,"111":1,"112":0,"113":0,"114":0,"115":0,"116":0,"117":0,"118":1,"119":1,"120":1,"121":1,"122":1},"b":{"1":[0,4],"2":[4,4],"3":[0,0],"4":[0,0],"5":[0,0],"6":[0,0],"7":[0,0],"8":[0,0],"9":[0,0,0],"10":[0,0],"11":[0,0],"12":[0,0],"13":[0,0],"14":[0,0],"15":[0,0],"16":[0,0],"17":[0,0],"18":[0,0],"19":[0,0],"20":[0,0],"21":[0,0],"22":[0,0],"23":[0,0],"24":[0,0]},"f":{"1":4,"2":0,"3":0,"4":0,"5":0,"6":0,"7":0,"8":0,"9":0,"10":0},"fnMap":{"1":{"name":"_interopRequireDefault","line":26,"loc":{"start":{"line":26,"column":0},"end":{"line":26,"column":37}}},"2":{"name":"createApp","line":35,"loc":{"start":{"line":35,"column":0},"end":{"line":35,"column":37}}},"3":{"name":"layoutUtil","line":68,"loc":{"start":{"line":68,"column":0},"end":{"line":68,"column":32}}},"4":{"name":"renderUtil","line":113,"loc":{"start":{"line":113,"column":0},"end":{"line":113,"column":60}}},"5":{"name":"(anonymous_5)","line":114,"loc":{"start":{"line":114,"column":23},"end":{"line":114,"column":50}}},"6":{"name":"(anonymous_6)","line":115,"loc":{"start":{"line":115,"column":68},"end":{"line":115,"column":99}}},"7":{"name":"renderVueComponents","line":130,"loc":{"start":{"line":130,"column":0},"end":{"line":130,"column":49}}},"8":{"name":"renderVueMixins","line":144,"loc":{"start":{"line":144,"column":0},"end":{"line":144,"column":33}}},"9":{"name":"renderedScript","line":174,"loc":{"start":{"line":174,"column":0},"end":{"line":174,"column":52}}},"10":{"name":"renderHtmlUtil","line":190,"loc":{"start":{"line":190,"column":0},"end":{"line":190,"column":46}}}},"statementMap":{"1":{"start":{"line":3,"column":0},"end":{"line":5,"column":3}},"2":{"start":{"line":6,"column":0},"end":{"line":6,"column":133}},"3":{"start":{"line":8,"column":0},"end":{"line":8,"column":35}},"4":{"start":{"line":10,"column":0},"end":{"line":10,"column":34}},"5":{"start":{"line":12,"column":0},"end":{"line":12,"column":47}},"6":{"start":{"line":14,"column":0},"end":{"line":14,"column":30}},"7":{"start":{"line":16,"column":0},"end":{"line":16,"column":43}},"8":{"start":{"line":18,"column":0},"end":{"line":18,"column":39}},"9":{"start":{"line":20,"column":0},"end":{"line":20,"column":53}},"10":{"start":{"line":22,"column":0},"end":{"line":22,"column":26}},"11":{"start":{"line":24,"column":0},"end":{"line":24,"column":41}},"12":{"start":{"line":26,"column":0},"end":{"line":26,"column":95}},"13":{"start":{"line":26,"column":39},"end":{"line":26,"column":93}},"14":{"start":{"line":28,"column":0},"end":{"line":28,"column":63}},"15":{"start":{"line":30,"column":0},"end":{"line":30,"column":30}},"16":{"start":{"line":31,"column":0},"end":{"line":31,"column":36}},"17":{"start":{"line":32,"column":0},"end":{"line":32,"column":30}},"18":{"start":{"line":33,"column":0},"end":{"line":33,"column":32}},"19":{"start":{"line":35,"column":0},"end":{"line":66,"column":1}},"20":{"start":{"line":36,"column":4},"end":{"line":63,"column":5}},"21":{"start":{"line":37,"column":8},"end":{"line":62,"column":9}},"22":{"start":{"line":38,"column":12},"end":{"line":38,"column":49}},"23":{"start":{"line":39,"column":12},"end":{"line":39,"column":42}},"24":{"start":{"line":40,"column":12},"end":{"line":40,"column":43}},"25":{"start":{"line":42,"column":12},"end":{"line":61,"column":13}},"26":{"start":{"line":43,"column":16},"end":{"line":47,"column":17}},"27":{"start":{"line":44,"column":20},"end":{"line":44,"column":44}},"28":{"start":{"line":46,"column":20},"end":{"line":46,"column":47}},"29":{"start":{"line":49,"column":16},"end":{"line":49,"column":41}},"30":{"start":{"line":50,"column":16},"end":{"line":50,"column":37}},"31":{"start":{"line":52,"column":16},"end":{"line":60,"column":17}},"32":{"start":{"line":53,"column":20},"end":{"line":55,"column":21}},"33":{"start":{"line":54,"column":24},"end":{"line":54,"column":43}},"34":{"start":{"line":57,"column":20},"end":{"line":59,"column":21}},"35":{"start":{"line":58,"column":24},"end":{"line":58,"column":45}},"36":{"start":{"line":65,"column":4},"end":{"line":65,"column":37}},"37":{"start":{"line":68,"column":0},"end":{"line":111,"column":1}},"38":{"start":{"line":69,"column":4},"end":{"line":69,"column":20}},"39":{"start":{"line":70,"column":4},"end":{"line":70,"column":42}},"40":{"start":{"line":71,"column":4},"end":{"line":71,"column":35}},"41":{"start":{"line":72,"column":4},"end":{"line":72,"column":36}},"42":{"start":{"line":74,"column":4},"end":{"line":108,"column":5}},"43":{"start":{"line":75,"column":8},"end":{"line":94,"column":9}},"44":{"start":{"line":76,"column":12},"end":{"line":76,"column":41}},"45":{"start":{"line":78,"column":12},"end":{"line":93,"column":13}},"46":{"start":{"line":80,"column":20},"end":{"line":80,"column":39}},"47":{"start":{"line":81,"column":20},"end":{"line":81,"column":26}},"48":{"start":{"line":83,"column":20},"end":{"line":83,"column":53}},"49":{"start":{"line":84,"column":20},"end":{"line":84,"column":26}},"50":{"start":{"line":86,"column":20},"end":{"line":91,"column":21}},"51":{"start":{"line":87,"column":24},"end":{"line":87,"column":84}},"52":{"start":{"line":89,"column":24},"end":{"line":89,"column":54}},"53":{"start":{"line":90,"column":24},"end":{"line":90,"column":84}},"54":{"start":{"line":92,"column":20},"end":{"line":92,"column":26}},"55":{"start":{"line":96,"column":8},"end":{"line":96,"column":34}},"56":{"start":{"line":97,"column":8},"end":{"line":97,"column":30}},"57":{"start":{"line":99,"column":8},"end":{"line":107,"column":9}},"58":{"start":{"line":100,"column":12},"end":{"line":102,"column":13}},"59":{"start":{"line":101,"column":16},"end":{"line":101,"column":36}},"60":{"start":{"line":104,"column":12},"end":{"line":106,"column":13}},"61":{"start":{"line":105,"column":16},"end":{"line":105,"column":38}},"62":{"start":{"line":110,"column":4},"end":{"line":110,"column":18}},"63":{"start":{"line":113,"column":0},"end":{"line":128,"column":1}},"64":{"start":{"line":114,"column":4},"end":{"line":127,"column":7}},"65":{"start":{"line":115,"column":8},"end":{"line":126,"column":11}},"66":{"start":{"line":116,"column":12},"end":{"line":118,"column":13}},"67":{"start":{"line":117,"column":16},"end":{"line":117,"column":30}},"68":{"start":{"line":119,"column":12},"end":{"line":119,"column":26}},"69":{"start":{"line":120,"column":12},"end":{"line":120,"column":26}},"70":{"start":{"line":121,"column":12},"end":{"line":121,"column":97}},"71":{"start":{"line":122,"column":12},"end":{"line":122,"column":67}},"72":{"start":{"line":123,"column":12},"end":{"line":123,"column":61}},"73":{"start":{"line":124,"column":12},"end":{"line":124,"column":49}},"74":{"start":{"line":125,"column":12},"end":{"line":125,"column":26}},"75":{"start":{"line":130,"column":0},"end":{"line":142,"column":1}},"76":{"start":{"line":131,"column":4},"end":{"line":131,"column":30}},"77":{"start":{"line":132,"column":4},"end":{"line":140,"column":5}},"78":{"start":{"line":133,"column":8},"end":{"line":139,"column":9}},"79":{"start":{"line":134,"column":12},"end":{"line":134,"column":57}},"80":{"start":{"line":135,"column":12},"end":{"line":138,"column":13}},"81":{"start":{"line":136,"column":16},"end":{"line":136,"column":64}},"82":{"start":{"line":137,"column":16},"end":{"line":137,"column":192}},"83":{"start":{"line":141,"column":4},"end":{"line":141,"column":28}},"84":{"start":{"line":144,"column":0},"end":{"line":172,"column":1}},"85":{"start":{"line":145,"column":4},"end":{"line":145,"column":25}},"86":{"start":{"line":146,"column":4},"end":{"line":146,"column":42}},"87":{"start":{"line":147,"column":4},"end":{"line":147,"column":35}},"88":{"start":{"line":148,"column":4},"end":{"line":148,"column":36}},"89":{"start":{"line":150,"column":4},"end":{"line":169,"column":5}},"90":{"start":{"line":151,"column":8},"end":{"line":155,"column":9}},"91":{"start":{"line":152,"column":12},"end":{"line":152,"column":37}},"92":{"start":{"line":154,"column":12},"end":{"line":154,"column":95}},"93":{"start":{"line":157,"column":8},"end":{"line":157,"column":34}},"94":{"start":{"line":158,"column":8},"end":{"line":158,"column":30}},"95":{"start":{"line":160,"column":8},"end":{"line":168,"column":9}},"96":{"start":{"line":161,"column":12},"end":{"line":163,"column":13}},"97":{"start":{"line":162,"column":16},"end":{"line":162,"column":36}},"98":{"start":{"line":165,"column":12},"end":{"line":167,"column":13}},"99":{"start":{"line":166,"column":16},"end":{"line":166,"column":38}},"100":{"start":{"line":171,"column":4},"end":{"line":171,"column":23}},"101":{"start":{"line":174,"column":0},"end":{"line":188,"column":1}},"102":{"start":{"line":176,"column":4},"end":{"line":176,"column":67}},"103":{"start":{"line":177,"column":4},"end":{"line":179,"column":5}},"104":{"start":{"line":178,"column":8},"end":{"line":178,"column":33}},"105":{"start":{"line":180,"colu
[...]
ame":"dataParser","line":54,"loc":{"start":{"line":54,"column":0},"end":{"line":54,"column":44}}},"4":{"name":"(anonymous_4)","line":59,"loc":{"start":{"line":59,"column":17},"end":{"line":59,"column":29}}},"5":{"name":"(anonymous_5)","line":61,"loc":{"start":{"line":61,"column":43},"end":{"line":61,"column":55}}},"6":{"name":"scriptParser","line":73,"loc":{"start":{"line":73,"column":0},"end":{"line":73,"column":46}}},"7":{"name":"layoutParser","line":90,"loc":{"start":{"line":90,"column":0},"end":{"line":90,"column":50}}},"8":{"name":"(anonymous_8)","line":91,"loc":{"start":{"line":91,"column":23},"end":{"line":91,"column":42}}},"9":{"name":"(anonymous_9)","line":92,"loc":{"start":{"line":92,"column":51},"end":{"line":92,"column":75}}},"10":{"name":"componentParser","line":115,"loc":{"start":{"line":115,"column":0},"end":{"line":115,"column":55}}},"11":{"name":"(anonymous_11)","line":116,"loc":{"start":{"line":116,"column":23},"end":{"line":116,"column":50}}},"12":{"name":"(anonymous_12)","line":117,"loc":{"start":{"line":117,"column":53},"end":{"line":117,"column":77}}}},"statementMap":{"1":{"start":{"line":3,"column":0},"end":{"line":5,"column":3}},"2":{"start":{"line":6,"column":0},"end":{"line":6,"column":124}},"3":{"start":{"line":8,"column":0},"end":{"line":8,"column":24}},"4":{"start":{"line":10,"column":0},"end":{"line":10,"column":39}},"5":{"start":{"line":12,"column":0},"end":{"line":12,"column":45}},"6":{"start":{"line":14,"column":0},"end":{"line":14,"column":59}},"7":{"start":{"line":16,"column":0},"end":{"line":16,"column":35}},"8":{"start":{"line":18,"column":0},"end":{"line":18,"column":56}},"9":{"start":{"line":20,"column":0},"end":{"line":20,"column":69}},"10":{"start":{"line":22,"column":0},"end":{"line":22,"column":26}},"11":{"start":{"line":24,"column":0},"end":{"line":24,"column":41}},"12":{"start":{"line":26,"column":0},"end":{"line":26,"column":95}},"13":{"start":{"line":26,"column":39},"end":{"line":26,"column":93}},"14":{"start":{"line":28,"column":0},"end":{"line":28,"column":49}},"15":{"start":{"line":30,"column":0},"end":{"line":30,"column":60}},"16":{"start":{"line":31,"column":0},"end":{"line":31,"column":58}},"17":{"start":{"line":32,"column":0},"end":{"line":32,"column":32}},"18":{"start":{"line":34,"column":0},"end":{"line":52,"column":1}},"19":{"start":{"line":35,"column":4},"end":{"line":35,"column":48}},"20":{"start":{"line":36,"column":4},"end":{"line":36,"column":34}},"21":{"start":{"line":37,"column":4},"end":{"line":37,"column":59}},"22":{"start":{"line":38,"column":4},"end":{"line":43,"column":5}},"23":{"start":{"line":39,"column":8},"end":{"line":39,"column":57}},"24":{"start":{"line":40,"column":8},"end":{"line":42,"column":9}},"25":{"start":{"line":41,"column":12},"end":{"line":41,"column":67}},"26":{"start":{"line":45,"column":4},"end":{"line":49,"column":5}},"27":{"start":{"line":46,"column":8},"end":{"line":48,"column":11}},"28":{"start":{"line":51,"column":4},"end":{"line":51,"column":22}},"29":{"start":{"line":54,"column":0},"end":{"line":71,"column":1}},"30":{"start":{"line":55,"column":4},"end":{"line":55,"column":25}},"31":{"start":{"line":56,"column":4},"end":{"line":69,"column":5}},"32":{"start":{"line":57,"column":8},"end":{"line":68,"column":9}},"33":{"start":{"line":58,"column":12},"end":{"line":67,"column":13}},"34":{"start":{"line":59,"column":16},"end":{"line":64,"column":21}},"35":{"start":{"line":60,"column":20},"end":{"line":60,"column":103}},"36":{"start":{"line":61,"column":20},"end":{"line":63,"column":22}},"37":{"start":{"line":62,"column":24},"end":{"line":62,"column":36}},"38":{"start":{"line":66,"column":16},"end":{"line":66,"column":55}},"39":{"start":{"line":70,"column":4},"end":{"line":70,"column":23}},"40":{"start":{"line":73,"column":0},"end":{"line":88,"column":1}},"41":{"start":{"line":74,"column":4},"end":{"line":76,"column":6}},"42":{"start":{"line":77,"column":4},"end":{"line":77,"column":54}},"43":{"start":{"line":78,"column":4},"end":{"line":82,"column":5}},"44":{"start":{"line":79,"column":8},"end":{"line":79,"column":72}},"45":{"start":{"line":80,"column":8},"end":{"line":80,"column":29}},"46":{"start":{"line":81,"column":8},"end":{"line":81,"column":20}},"47":{"start":{"line":83,"column":4},"end":{"line":83,"column":65}},"48":{"start":{"line":84,"column":4},"end":{"line":84,"column":77}},"49":{"start":{"line":85,"column":4},"end":{"line":85,"column":72}},"50":{"start":{"line":86,"column":4},"end":{"line":86,"column":69}},"51":{"start":{"line":87,"column":4},"end":{"line":87,"column":23}},"52":{"start":{"line":90,"column":0},"end":{"line":113,"column":1}},"53":{"start":{"line":91,"column":4},"end":{"line":112,"column":7}},"54":{"start":{"line":92,"column":8},"end":{"line":111,"column":11}},"55":{"start":{"line":93,"column":12},"end":{"line":100,"column":13}},"56":{"start":{"line":94,"column":16},"end":{"line":94,"column":48}},"57":{"start":{"line":102,"column":12},"end":{"line":102,"column":50}},"58":{"start":{"line":103,"column":12},"end":{"line":103,"column":53}},"59":{"start":{"line":104,"column":12},"end":{"line":104,"column":63}},"60":{"start":{"line":106,"column":12},"end":{"line":110,"column":15}},"61":{"start":{"line":115,"column":0},"end":{"line":146,"column":1}},"62":{"start":{"line":116,"column":4},"end":{"line":145,"column":7}},"63":{"start":{"line":117,"column":8},"end":{"line":144,"column":11}},"64":{"start":{"line":118,"column":12},"end":{"line":143,"column":13}},"65":{"start":{"line":119,"column":16},"end":{"line":119,"column":170}},"66":{"start":{"line":120,"column":16},"end":{"line":120,"column":37}},"67":{"start":{"line":121,"column":16},"end":{"line":121,"column":30}},"68":{"start":{"line":123,"column":16},"end":{"line":123,"column":53}},"69":{"start":{"line":124,"column":16},"end":{"line":124,"column":57}},"70":{"start":{"line":125,"column":16},"end":{"line":125,"column":67}},"71":{"start":{"line":126,"column":16},"end":{"line":126,"column":76}},"72":{"start":{"line":128,"column":16},"end":{"line":132,"column":17}},"73":{"start":{"line":129,"column":20},"end":{"line":129,"column":113}},"74":{"start":{"line":130,"column":20},"end":{"line":130,"column":42}},"75":{"start":{"line":131,"column":20},"end":{"line":131,"column":35}},"76":{"start":{"line":134,"column":16},"end":{"line":134,"column":73}},"77":{"start":{"line":135,"column":16},"end":{"line":135,"column":51}},"78":{"start":{"line":136,"column":16},"end":{"line":136,"column":48}},"79":{"start":{"line":138,"column":16},"end":{"line":142,"column":19}},"80":{"start":{"line":148,"column":0},"end":{"line":148,"column":42}},"81":{"start":{"line":149,"column":0},"end":{"line":149,"column":36}},"82":{"start":{"line":150,"column":0},"end":{"line":150,"column":36}},"83":{"start":{"line":151,"column":0},"end":{"line":151,"column":32}},"84":{"start":{"line":152,"column":0},"end":{"line":152,"column":32}}},"branchMap":{"1":{"line":26,"type":"cond-expr","locations":[{"start":{"line":26,"column":70},"end":{"line":26,"column":73}},{"start":{"line":26,"column":76},"end":{"line":26,"column":92}}]},"2":{"line":26,"type":"binary-expr","locations":[{"start":{"line":26,"column":46},"end":{"line":26,"column":49}},{"start":{"line":26,"column":53},"end":{"line":26,"column":67}}]},"3":{"line":35,"type":"binary-expr","locations":[{"start":{"line":35,"column":20},"end":{"line":35,"column":41}},{"start":{"line":35,"column":45},"end":{"line":35,"column":47}}]},"4":{"line":38,"type":"if","locations":[{"start":{"line":38,"column":4},"end":{"line":38,"column":4}},{"start":{"line":38,"column":4},"end":{"line":38,"column":4}}]},"5":{"line":40,"type":"if","locations":[{"start":{"line":40,"column":8},"end":{"line":40,"column":8}},{"start":{"line":40,"column":8},"end":{"line":40,"column":8}}]},"6":{"line":40,"type":"binary-expr","locations":[{"start":{"line":40,"column":12},"end":{"line":40,"column":47}},{"start":{"line":40,"column":51},"end":{"line":40,"column":87}}]},"7":{"line":45,"type":"if","locations":[{"start":{"line":45,"column":4},"end":{"line":45,"column":4}},{"start":{"line":45,"column":4},"end":{"line":45,"column":4}}]},"8":{"line":57,"type":"if","locations":[{"start":{"line":57,"column":8},"end":{"line":57,"column":8}},{"start":{"line":57,"column":8},"end":{"line":57,"column":8}}]},"9":{"line":58,"type":"if","locations":[{"start":{"line":58,"column":12},"end":{"line":58,"column":12}},{"start":{"line":58,"column":12},"end":{"line":58,"column":12}}]},"10":{"line":77,"type":"binary-expr","locations":[{"start":{"line":77,"column":22},"end":{"line":77,"column":47}},{"start":{"line":77,"column":51},"end":{"line":77,"column":53}}]},"11":{"line":78,"type":"if","locations":[{"start":{"line":78,"column":4},"end":{"line":78,"column":4}},{"start":{"line":78,"column":4},"end":{"line":78,"column":4}}]},"12":{"line":93,"type":"if","locations":[{"start":{"line":93,"column":12},"end":{"line":93,"column":12}},{"start":{"line":93,"column":12},"end":{"line":93,"column":12}}]},"13":{"line":118,"type":"if","locations":[{"start":{"line":118,"column":12},"end":{"line":118,"column":12}},{"start":{"line":118,"column":12},"end":{"line":118,"column":12}}]},"14":{"line":126,"type":"binary-expr","locations":[{"start":{"line":126,"column":36},"end":{"line":126,"column":69}},{"start":{"line":126,"column":73},"end":{"line":126,"column":75}}]},"15":{"line":128,"type":"if","locations":[{"start":{"line":128,"column":16},"end":{"line":128,"column":16}},{"start":{"line":128,"column":16},"end":{"line":128,"column":16}}]},"16":{"line":135,"type":"binary-expr","locations":[{"start":{"line":135,"column":38},"end":{"line":135,"column":44}},{"start":{"line":135,"column":48},"end":{"line":135,"column":50}}]}},"code":["'use strict';","","Object.defineProperty(exports, \"__esModule\", {","    value: true","});","exports.htmlParser = exports.dataParser = exports.scriptParser = exports.layoutParser = exports.componentParser = undefined;","","var _fs = require('fs');","","var _fs2 = _interopRequireDefault(_fs);","","var _htmlMinifier = require('html-minifier');","","var _htmlMinifier2 = _interopRequireDefault(_htmlMinifier);","","var _models = require('../models');","","var _requireFromString = require('require-from-string');","","var _requireFromString2 = _interopRequireDefault(_requireFromString);","","var _pug = require('pug');","","var _pug2 = _interopRequireDefault(_pug);","","function _interopRequireDefault(obj) { return obj && obj.__esModule ? obj : { default: obj }; }","","var htmlMinifier = _htmlMinifier2.default.minify;","","var htmlRegex = /(<template.*?>)([\\s\\S]*?)(<\\/template>)/gm;","var scriptRegex = /(<script.*?>)([\\s\\S]*?)(<\\/script>)/gm;","var templateRegex = /\\w*\\.vue/g;","","function htmlParser(body, minify) {","    var bodyArray = body.match(htmlRegex) || [];","    var bodyString = bodyArray[0];","    var templateLang = bodyString.replace(htmlRegex, '$1');","    if (bodyString) {","        bodyString = bodyString.replace(htmlRegex, '$2');","        if (templateLang.includes('lang=\"pug\"') || templateLang.includes('lang=\"jade\"')) {","            bodyString = _pug2.default.compile(bodyString, {})({});","        }","    }","","    if (minify) {","        bodyString = htmlMinifier(bodyString, {","            collapseWhitespace: true","        });","    }","","    return bodyString;","}","","function dataParser(script, defaults, type) {","    var finalScript = {};","    for (var element in script) {","        if (script.hasOwnProperty(element)) {","            if (element === 'data') {","                (function () {","                    var data = new _models.DataObject(script.data(), defaults.options.data, type).data;","                    finalScript[element] = function () {","                        return data;","                    };","                })();","            } else {","                finalScript[element] = script[element];","            }","        }","    }","    return finalScript;","}","","function scriptParser(script, defaults, type) {","    var options = {","        'presets': ['es2015']","    };","    var scriptArray = script.match(scriptRegex) || [];","    if (scriptArray.length === 0) {","        var error = 'I had an error processing this script.\\n' + script;","        console.error(error);","        return null;","    }","    var scriptString = scriptArray[0].replace(scriptRegex, '$2');","    var babelScript = require('babel-core').transform(scriptString, options);","    var evalScript = (0, _requireFromString2.default)(babelScript.code);","    var finalScript = dataParser(evalScript.default, defaults, type);","    return finalScript;","}","","function layoutParser(layoutPath, defaults, type) {","    return new Promise(function (resolve) {","        _fs2.default.readFile(layoutPath, 'utf-8', function (err, content) {","            if (err) {","                content = defaults.backupLayout;","                // let error = `Could not find the layout, I was expecting it to live here","                // ${layoutPath}","                // But I couldn't find it there ¯\\_(ツ)_/¯","                // So I'm using the default layout`;","                // console.warn(error)","            }","","            var body = htmlParser(content, false);","            content = content.replace(htmlRegex, '');","            var script = scriptParser(content, defaults, type);","","            resolve({","                type: type,","                template: body,","                script: script","            });","        });","    });","}","","function componentParser(templatePath, defaults, type) {","    return new Promise(function (resolve, reject) {","        _fs2.default.readFile(templatePath, 'utf-8', function (err, content) {","            if (err) {","                var error = 'Could Not Find Component, I was expecting it to live here \\n' + templatePath + ' \\nBut I couldn\\'t find it there, \\xAF\\\\_(\\u30C4)_/\\xAF\\n\\n';","                console.error(error);","                reject(error);","            } else {","                var body = htmlParser(content, true);","                content = content.replace(htmlRegex, '');","                var script = scriptParser(content, defaults, type);","                var templateArray = templatePath.match(templateRegex) || [];","","                if (templateArray.length === 0) {","                    var _error = 'I had an error processing component templates. in this file \\n' + templatePath;","                    console.error(_error);","                    reject(_error);","                }","","                var templateName = templateArray[0].replace('\\.vue', '');","                var componentScript = script || {};","                componentScript.template = body;","","                resolve({","                    type: type,","                    name: templateName,","                    script: componentScript","                });","            }","        });","    });","}","","exports.componentParser = componentParser;","exports.layoutParser = layoutParser;","exports.scriptParser = scriptParser;","exports.dataParser = dataParser;","exports.htmlParser = htmlParser;"],"l":{"3":1,"6":1,"8":1,"10":1,"12":1,"14":1,"16":1,"18":1,"20":1,"22":1,"24":1,"26":4,"28":1,"30":1,"31":1,"32":1,"34":1,"35":0,"36":0,"37":0,"38":0,"39":0,"40":0,"41":0,"45":0,"46":0,"51":0,"54":1,"55":0,"56":0,"57":0,"58":0,"59":0,"60":0,"61":0,"62":0,"66":0,"70":0,"73":1,"74":0,"77":0,"78":0,"79":0,"80":0,"81":0,"83":0,"84":0,"85":0,"86":0,"87":0,"90":1,"91":0,"92":0,"93":0,"94":0,"102":0,"103":0,"104":0,"106":0,"115":1,"116":0,"117":0,"118":0,"119":0,"120":0,"121":0,"123":0,"124":0,"125":0,"126":0,"128":0,"129":0,"130":0,"131":0,"134":0,"135":0,"136":0,"138":0,"148":1,"149":1,"150":1,"151":1,"152":1}},"/home/travis/build/npmtest/node-npmtest-express-vue/node_modules/express-vue/dist/utils/renderError.js":{"path":"/home/travis/build/npmtest/node-npmtest-express-vue/node_modules/express-vue/dist/utils/renderError.js","s":{"1":1,"2":1,"3":0,"4":0,"5":1,"6":1},"b":{},"f":{"1":0},"fnMap":{"1":{"name":"renderError","line":6,"loc":{"start":{"line":6,"column":0},"end":{"line":6,"column":38}}}},"statementMap":{"1":{"start":{"line":3,"column":0},"end":{"line":5,"column":3}},"2":{"start":{"line":6,"column":0},"end":{"line":9,"column":1}},"3":{"start":{"line":7,"column":4},"end":{"line":7,"column":25}},"4":{"start":{"line":8,"column":4},"end":{"line":8,"column":31}},"5":{"start":{"line":11,"column":0},"end":{"line":11,"column":30}},"6":{"start":{"line":12,"column":0},"end":{"line":12,"column":36}}},"branchMap":{},"code":["\"use strict\";","","Object.defineProperty(exports, \"__esModule\", {","    value: true","});","function renderError(error, callback) {","    console.error(error);","    callback(new Error(error));","}","","exports.default = renderError;","module.exports = exports[\"default\"];"],"l":{"3":1,"6":1,"7":0,"8":0,"11":1,"12":1}},"/home/travis/build/npmtest/node-npmtest-express-vue/node_modules/express-vue/dist/utils/renderComponents.js":{"path":"/home/travis/build/npmtest/node-npmtest-express-vue/node_modules/express-vue/dist/utils/renderComponents.js","s":{"1":1,"2":1,"3":1,"4":1,"5":1,"6":1,"7":1,"8":2,"9":1,"10":0,"11":0,"12":0,"13":1,"14":1},"b":{"1":[1,1],"2":[2,2]},"f":{"1":2,"2":0,"3":0,"4":0},"fnMap":{"1":{"name":"_interopRequireDefault","line":17,"loc":{"start":{"line":17,"column":0},"end":{"line":17,"column":37}}},"2":{"name":"renderComponents","line":19,"loc":{"start":{"line":19,"column":0},"end":{"line":19,"column":58}}},"3":{"name":"(anonymous_3)","line":20,"loc":{"start":{"line":20,"column":59},"end":{"line":20,"column":75}}},"4":{"name":"(anonymous_4)","line":22,"loc":{"start":{"line":22,"column":13},"end":{"line":22,"column":30}}}},"statementMap":{"1":{"start":{"line":3,"column":0},"end":{"line":5,"column":3}},"2":{"start":{"line":7,"column":0},"end":{"line":7,"column":44}},"3":{"start":{"line":9,"column":0},"end":{"line":9,"column":57}},"4":{"start":{"line":11,"column":0},"end":{"line":11,"column":34}},"5":{"start":{"line":13,"column":0},"end":{"line":13,"column":35}},"6":{"start":{"line":15,"column":0},"end":{"line":15,"column":47}},"7":{"start":{"line":17,"column":0},"end":{"line":17,"column":95}},"8":{"start":{"line":17,"column":39},"end":{"line":17,"column":93}},"9":{"start":{"line":19,"column":0},"end":{"line":25,"column":1}},"10":{"start":{"line":20,"column":4},"end":{"line":24,"column":7}},"11":{"start":{"line":21,"column":8},"end":{"line":21,"column":29}},"12":{"start":{"line":23,"column":8},"end":{"line":23,"column":52}},"13":{"start":{"line":26,"column":0},"end":{"line":26,"column":35}},"14":{"start":{"line":27,"column":0},"end":{"line":27,"column":36}}},"branchMap":{"1":{"line":17,"type":"cond-expr","locations":[{"start":{"line":17,"column":70},"end":{"line":17,"column":73}},{"start":{"line":17,"column":76},"end":{"line":17,"column":92}}]},"2":{"line":17,"type":"binary-expr","locations":[{"start":{"line":17,"column":46},"end":{"line":17,"column":49}},{"start":{"line":17,"column":53},"end":{"line":17,"column":67}}]}},"code":["'use strict';","","Object.defineProperty(exports, \"__esModule\", {","    value: true","});","","var _renderError = require('./renderError');","","var _renderError2 = _interopRequireDefault(_renderError);","","var _render = require('./render');","","var _models = require('../models');","","var _models2 = _interopRequireDefault(_models);","","function _interopRequireDefault(obj) { return obj && obj.__esModule ? obj : { default: obj }; }","","function renderComponents(components, defaults, callback) {","    (0, _render.renderHtmlUtil)(components, defaults).then(function (html) {","        callback(null, html);","    }).catch(function (error) {","        (0, _renderError2.default)(error, callback);","    });","}","exports.default = renderComponents;","module.exports = exports['default'];"],"l":{"3":1,"7":1,"9":1,"11":1,"13":1,"15":1,"17":2,"19":1,"20":0,"21":0,"23":0,"26":1,"27":1}}}